<?xml version="1.0" encoding="UTF-8"?>
<!-- Generated by org.testng.reporters.JUnitXMLReporter -->
<testsuite hostname="VivideMacBook-Pro.local" ignored="3" name="Default test" tests="82" failures="0" timestamp="23 Aug 2018 08:18:40 GMT" time="179.859" errors="0">
  <testcase name="@BeforeMethod beforeMethod" time="0.015" classname="com.eisoo.anysharetest.FullFuctionTest">
    <failure type="org.openqa.selenium.remote.SessionNotFoundException" message="A session is either terminated or not started (WARNING: The server did not provide any stacktrace information)
Command duration or timeout: 7 milliseconds
Build info: version: &amp;apos;2.53.0&amp;apos;, revision: &amp;apos;35ae25b1534ae328c771e0856c93e187490ca824&amp;apos;, time: &amp;apos;2016-03-15 10:43:46&amp;apos;
System info: host: &amp;apos;VivideMacBook-Pro.local&amp;apos;, ip: &amp;apos;192.168.51.66&amp;apos;, os.name: &amp;apos;Mac OS X&amp;apos;, os.arch: &amp;apos;x86_64&amp;apos;, os.version: &amp;apos;10.13.2&amp;apos;, java.version: &amp;apos;1.8.0_40&amp;apos;
Driver info: io.appium.java_client.android.AndroidDriver
Capabilities [{appPackage=com.eisoo.anyshare, deviceScreenSize=1080x1920, networkConnectionEnabled=true, noSign=true, warnings={}, databaseEnabled=false, deviceName=PBV0216526000628, platform=LINUX, MobileCapabilityType.AUTOMATION_NAME=Appium, deviceUDID=PBV0216526000628, appActivity=.AppStartActivity, desired={appPackage=com.eisoo.anyshare, appActivity=.AppStartActivity, noSign=true, platformVersion=7.0, unicodeKeyboard=true, sessionOverride=true, platformName=Android, deviceName=testyy, resetKeyboard=true, MobileCapabilityType.AUTOMATION_NAME=Appium}, platformVersion=7.0, webStorageEnabled=false, locationContextEnabled=false, takesScreenshot=true, javascriptEnabled=true, deviceModel=EVA-AL00, unicodeKeyboard=true, sessionOverride=true, platformName=Android, deviceManufacturer=HUAWEI, resetKeyboard=true}]
Session ID: 6069dc83-81b1-4598-b623-3c63e08ee465">
      <![CDATA[org.openqa.selenium.remote.SessionNotFoundException: A session is either terminated or not started (WARNING: The server did not provide any stacktrace information)
Command duration or timeout: 7 milliseconds
Build info: version: '2.53.0', revision: '35ae25b1534ae328c771e0856c93e187490ca824', time: '2016-03-15 10:43:46'
System info: host: 'VivideMacBook-Pro.local', ip: '192.168.51.66', os.name: 'Mac OS X', os.arch: 'x86_64', os.version: '10.13.2', java.version: '1.8.0_40'
Driver info: io.appium.java_client.android.AndroidDriver
Capabilities [{appPackage=com.eisoo.anyshare, deviceScreenSize=1080x1920, networkConnectionEnabled=true, noSign=true, warnings={}, databaseEnabled=false, deviceName=PBV0216526000628, platform=LINUX, MobileCapabilityType.AUTOMATION_NAME=Appium, deviceUDID=PBV0216526000628, appActivity=.AppStartActivity, desired={appPackage=com.eisoo.anyshare, appActivity=.AppStartActivity, noSign=true, platformVersion=7.0, unicodeKeyboard=true, sessionOverride=true, platformName=Android, deviceName=testyy, resetKeyboard=true, MobileCapabilityType.AUTOMATION_NAME=Appium}, platformVersion=7.0, webStorageEnabled=false, locationContextEnabled=false, takesScreenshot=true, javascriptEnabled=true, deviceModel=EVA-AL00, unicodeKeyboard=true, sessionOverride=true, platformName=Android, deviceManufacturer=HUAWEI, resetKeyboard=true}]
Session ID: 6069dc83-81b1-4598-b623-3c63e08ee465
	at sun.reflect.NativeConstructorAccessorImpl.newInstance0(Native Method)
	at sun.reflect.NativeConstructorAccessorImpl.newInstance(NativeConstructorAccessorImpl.java:62)
	at sun.reflect.DelegatingConstructorAccessorImpl.newInstance(DelegatingConstructorAccessorImpl.java:45)
	at java.lang.reflect.Constructor.newInstance(Constructor.java:422)
	at org.openqa.selenium.remote.ErrorHandler.createThrowable(ErrorHandler.java:206)
	at org.openqa.selenium.remote.ErrorHandler.throwIfResponseFailed(ErrorHandler.java:158)
	at org.openqa.selenium.remote.RemoteWebDriver.execute(RemoteWebDriver.java:678)
	at io.appium.java_client.DefaultGenericMobileDriver.execute(DefaultGenericMobileDriver.java:43)
	at io.appium.java_client.AppiumDriver.execute(AppiumDriver.java:1)
	at io.appium.java_client.android.AndroidDriver.execute(AndroidDriver.java:1)
	at io.appium.java_client.android.AndroidDriver.pressKeyCode(AndroidDriver.java:137)
	at com.eisoo.anysharetest.BaseTest.startAS(BaseTest.java:107)
	at com.eisoo.anysharetest.FullFuctionTest.beforeMethod(FullFuctionTest.java:40)
	at sun.reflect.NativeMethodAccessorImpl.invoke0(Native Method)
	at sun.reflect.NativeMethodAccessorImpl.invoke(NativeMethodAccessorImpl.java:62)
	at sun.reflect.DelegatingMethodAccessorImpl.invoke(DelegatingMethodAccessorImpl.java:43)
	at java.lang.reflect.Method.invoke(Method.java:497)
	at org.testng.internal.MethodInvocationHelper.invokeMethod(MethodInvocationHelper.java:108)
	at org.testng.internal.Invoker.invokeConfigurationMethod(Invoker.java:523)
	at org.testng.internal.Invoker.invokeConfigurations(Invoker.java:224)
	at org.testng.internal.Invoker.invokeMethod(Invoker.java:599)
	at org.testng.internal.Invoker.invokeTestMethod(Invoker.java:877)
	at org.testng.internal.Invoker.invokeTestMethods(Invoker.java:1201)
	at org.testng.internal.TestMethodWorker.invokeTestMethods(TestMethodWorker.java:125)
	at org.testng.internal.TestMethodWorker.run(TestMethodWorker.java:109)
	at org.testng.TestRunner.privateRun(TestRunner.java:776)
	at org.testng.TestRunner.run(TestRunner.java:634)
	at org.testng.SuiteRunner.runTest(SuiteRunner.java:425)
	at org.testng.SuiteRunner.runSequentially(SuiteRunner.java:420)
	at org.testng.SuiteRunner.privateRun(SuiteRunner.java:385)
	at org.testng.SuiteRunner.run(SuiteRunner.java:334)
	at org.testng.SuiteRunnerWorker.runSuite(SuiteRunnerWorker.java:52)
	at org.testng.SuiteRunnerWorker.run(SuiteRunnerWorker.java:86)
	at org.testng.TestNG.runSuitesSequentially(TestNG.java:1318)
	at org.testng.TestNG.runSuitesLocally(TestNG.java:1243)
	at org.testng.TestNG.runSuites(TestNG.java:1161)
	at org.testng.TestNG.run(TestNG.java:1129)
	at org.testng.remote.AbstractRemoteTestNG.run(AbstractRemoteTestNG.java:114)
	at org.testng.remote.RemoteTestNG.initAndRun(RemoteTestNG.java:251)
	at org.testng.remote.RemoteTestNG.main(RemoteTestNG.java:77)
]]>
    </failure>
  </testcase> <!-- @BeforeMethod beforeMethod -->
  <testcase name="@AfterMethod afterMethod" time="0.0" classname="com.eisoo.anysharetest.FullFuctionTest">
    <skipped/>
  </testcase> <!-- @AfterMethod afterMethod -->
  <testcase name="@BeforeMethod beforeMethod" time="0.0" classname="com.eisoo.anysharetest.FullFuctionTest">
    <skipped/>
  </testcase> <!-- @BeforeMethod beforeMethod -->
  <testcase name="@AfterMethod afterMethod" time="0.0" classname="com.eisoo.anysharetest.FullFuctionTest">
    <skipped/>
  </testcase> <!-- @AfterMethod afterMethod -->
  <testcase name="@BeforeMethod beforeMethod" time="0.0" classname="com.eisoo.anysharetest.FullFuctionTest">
    <skipped/>
  </testcase> <!-- @BeforeMethod beforeMethod -->
  <testcase name="@AfterMethod afterMethod" time="0.0" classname="com.eisoo.anysharetest.FullFuctionTest">
    <skipped/>
  </testcase> <!-- @AfterMethod afterMethod -->
  <testcase name="@BeforeMethod beforeMethod" time="0.0" classname="com.eisoo.anysharetest.FullFuctionTest">
    <skipped/>
  </testcase> <!-- @BeforeMethod beforeMethod -->
  <testcase name="@AfterMethod afterMethod" time="0.0" classname="com.eisoo.anysharetest.FullFuctionTest">
    <skipped/>
  </testcase> <!-- @AfterMethod afterMethod -->
  <testcase name="@BeforeMethod beforeMethod" time="0.0" classname="com.eisoo.anysharetest.FullFuctionTest">
    <skipped/>
  </testcase> <!-- @BeforeMethod beforeMethod -->
  <testcase name="@AfterMethod afterMethod" time="0.0" classname="com.eisoo.anysharetest.FullFuctionTest">
    <skipped/>
  </testcase> <!-- @AfterMethod afterMethod -->
  <testcase name="@BeforeMethod beforeMethod" time="0.0" classname="com.eisoo.anysharetest.FullFuctionTest">
    <skipped/>
  </testcase> <!-- @BeforeMethod beforeMethod -->
  <testcase name="@AfterMethod afterMethod" time="0.0" classname="com.eisoo.anysharetest.FullFuctionTest">
    <skipped/>
  </testcase> <!-- @AfterMethod afterMethod -->
  <testcase name="@BeforeMethod beforeMethod" time="0.0" classname="com.eisoo.anysharetest.FullFuctionTest">
    <skipped/>
  </testcase> <!-- @BeforeMethod beforeMethod -->
  <testcase name="@AfterMethod afterMethod" time="0.0" classname="com.eisoo.anysharetest.FullFuctionTest">
    <skipped/>
  </testcase> <!-- @AfterMethod afterMethod -->
  <testcase name="@BeforeMethod beforeMethod" time="0.0" classname="com.eisoo.anysharetest.FullFuctionTest">
    <skipped/>
  </testcase> <!-- @BeforeMethod beforeMethod -->
  <testcase name="@AfterMethod afterMethod" time="0.0" classname="com.eisoo.anysharetest.FullFuctionTest">
    <skipped/>
  </testcase> <!-- @AfterMethod afterMethod -->
  <testcase name="@BeforeMethod beforeMethod" time="0.0" classname="com.eisoo.anysharetest.FullFuctionTest">
    <skipped/>
  </testcase> <!-- @BeforeMethod beforeMethod -->
  <testcase name="@AfterMethod afterMethod" time="0.0" classname="com.eisoo.anysharetest.FullFuctionTest">
    <skipped/>
  </testcase> <!-- @AfterMethod afterMethod -->
  <testcase name="@BeforeMethod beforeMethod" time="0.0" classname="com.eisoo.anysharetest.FullFuctionTest">
    <skipped/>
  </testcase> <!-- @BeforeMethod beforeMethod -->
  <testcase name="@AfterMethod afterMethod" time="0.0" classname="com.eisoo.anysharetest.FullFuctionTest">
    <skipped/>
  </testcase> <!-- @AfterMethod afterMethod -->
  <testcase name="@BeforeMethod beforeMethod" time="0.0" classname="com.eisoo.anysharetest.FullFuctionTest">
    <skipped/>
  </testcase> <!-- @BeforeMethod beforeMethod -->
  <testcase name="@AfterMethod afterMethod" time="0.0" classname="com.eisoo.anysharetest.FullFuctionTest">
    <skipped/>
  </testcase> <!-- @AfterMethod afterMethod -->
  <testcase name="@BeforeMethod beforeMethod" time="0.0" classname="com.eisoo.anysharetest.FullFuctionTest">
    <skipped/>
  </testcase> <!-- @BeforeMethod beforeMethod -->
  <testcase name="@AfterMethod afterMethod" time="0.0" classname="com.eisoo.anysharetest.FullFuctionTest">
    <skipped/>
  </testcase> <!-- @AfterMethod afterMethod -->
  <testcase name="@BeforeMethod beforeMethod" time="0.0" classname="com.eisoo.anysharetest.FullFuctionTest">
    <skipped/>
  </testcase> <!-- @BeforeMethod beforeMethod -->
  <testcase name="@AfterMethod afterMethod" time="0.0" classname="com.eisoo.anysharetest.FullFuctionTest">
    <skipped/>
  </testcase> <!-- @AfterMethod afterMethod -->
  <testcase name="@BeforeMethod beforeMethod" time="0.0" classname="com.eisoo.anysharetest.FullFuctionTest">
    <skipped/>
  </testcase> <!-- @BeforeMethod beforeMethod -->
  <testcase name="@AfterMethod afterMethod" time="0.0" classname="com.eisoo.anysharetest.FullFuctionTest">
    <skipped/>
  </testcase> <!-- @AfterMethod afterMethod -->
  <testcase name="@BeforeMethod beforeMethod" time="0.0" classname="com.eisoo.anysharetest.FullFuctionTest">
    <skipped/>
  </testcase> <!-- @BeforeMethod beforeMethod -->
  <testcase name="@AfterMethod afterMethod" time="0.0" classname="com.eisoo.anysharetest.FullFuctionTest">
    <skipped/>
  </testcase> <!-- @AfterMethod afterMethod -->
  <testcase name="@BeforeMethod beforeMethod" time="0.0" classname="com.eisoo.anysharetest.FullFuctionTest">
    <skipped/>
  </testcase> <!-- @BeforeMethod beforeMethod -->
  <testcase name="@AfterMethod afterMethod" time="0.0" classname="com.eisoo.anysharetest.FullFuctionTest">
    <skipped/>
  </testcase> <!-- @AfterMethod afterMethod -->
  <testcase name="@BeforeMethod beforeMethod" time="0.0" classname="com.eisoo.anysharetest.FullFuctionTest">
    <skipped/>
  </testcase> <!-- @BeforeMethod beforeMethod -->
  <testcase name="@AfterMethod afterMethod" time="0.0" classname="com.eisoo.anysharetest.FullFuctionTest">
    <skipped/>
  </testcase> <!-- @AfterMethod afterMethod -->
  <testcase name="@BeforeMethod beforeMethod" time="0.0" classname="com.eisoo.anysharetest.FullFuctionTest">
    <skipped/>
  </testcase> <!-- @BeforeMethod beforeMethod -->
  <testcase name="@AfterMethod afterMethod" time="0.0" classname="com.eisoo.anysharetest.FullFuctionTest">
    <skipped/>
  </testcase> <!-- @AfterMethod afterMethod -->
  <testcase name="@BeforeMethod beforeMethod" time="0.0" classname="com.eisoo.anysharetest.FullFuctionTest">
    <skipped/>
  </testcase> <!-- @BeforeMethod beforeMethod -->
  <testcase name="@AfterMethod afterMethod" time="0.0" classname="com.eisoo.anysharetest.FullFuctionTest">
    <skipped/>
  </testcase> <!-- @AfterMethod afterMethod -->
  <testcase name="@BeforeMethod beforeMethod" time="0.0" classname="com.eisoo.anysharetest.FullFuctionTest">
    <skipped/>
  </testcase> <!-- @BeforeMethod beforeMethod -->
  <testcase name="@AfterMethod afterMethod" time="0.0" classname="com.eisoo.anysharetest.FullFuctionTest">
    <skipped/>
  </testcase> <!-- @AfterMethod afterMethod -->
  <testcase name="@BeforeMethod beforeMethod" time="0.0" classname="com.eisoo.anysharetest.FullFuctionTest">
    <skipped/>
  </testcase> <!-- @BeforeMethod beforeMethod -->
  <testcase name="@AfterMethod afterMethod" time="0.0" classname="com.eisoo.anysharetest.FullFuctionTest">
    <skipped/>
  </testcase> <!-- @AfterMethod afterMethod -->
  <testcase name="@BeforeMethod beforeMethod" time="0.0" classname="com.eisoo.anysharetest.FullFuctionTest">
    <skipped/>
  </testcase> <!-- @BeforeMethod beforeMethod -->
  <testcase name="@AfterMethod afterMethod" time="0.0" classname="com.eisoo.anysharetest.FullFuctionTest">
    <skipped/>
  </testcase> <!-- @AfterMethod afterMethod -->
  <testcase name="@BeforeMethod beforeMethod" time="0.0" classname="com.eisoo.anysharetest.FullFuctionTest">
    <skipped/>
  </testcase> <!-- @BeforeMethod beforeMethod -->
  <testcase name="@AfterMethod afterMethod" time="0.0" classname="com.eisoo.anysharetest.FullFuctionTest">
    <skipped/>
  </testcase> <!-- @AfterMethod afterMethod -->
  <testcase name="@BeforeMethod beforeMethod" time="0.0" classname="com.eisoo.anysharetest.FullFuctionTest">
    <skipped/>
  </testcase> <!-- @BeforeMethod beforeMethod -->
  <testcase name="@AfterMethod afterMethod" time="0.0" classname="com.eisoo.anysharetest.FullFuctionTest">
    <skipped/>
  </testcase> <!-- @AfterMethod afterMethod -->
  <testcase name="@BeforeMethod beforeMethod" time="0.0" classname="com.eisoo.anysharetest.FullFuctionTest">
    <skipped/>
  </testcase> <!-- @BeforeMethod beforeMethod -->
  <testcase name="@AfterMethod afterMethod" time="0.0" classname="com.eisoo.anysharetest.FullFuctionTest">
    <skipped/>
  </testcase> <!-- @AfterMethod afterMethod -->
  <testcase name="@BeforeMethod beforeMethod" time="0.0" classname="com.eisoo.anysharetest.FullFuctionTest">
    <skipped/>
  </testcase> <!-- @BeforeMethod beforeMethod -->
  <testcase name="@AfterMethod afterMethod" time="0.0" classname="com.eisoo.anysharetest.FullFuctionTest">
    <skipped/>
  </testcase> <!-- @AfterMethod afterMethod -->
  <testcase name="@BeforeMethod beforeMethod" time="0.0" classname="com.eisoo.anysharetest.FullFuctionTest">
    <skipped/>
  </testcase> <!-- @BeforeMethod beforeMethod -->
  <testcase name="@AfterMethod afterMethod" time="0.0" classname="com.eisoo.anysharetest.FullFuctionTest">
    <skipped/>
  </testcase> <!-- @AfterMethod afterMethod -->
  <testcase name="@BeforeMethod beforeMethod" time="0.0" classname="com.eisoo.anysharetest.FullFuctionTest">
    <skipped/>
  </testcase> <!-- @BeforeMethod beforeMethod -->
  <testcase name="@AfterMethod afterMethod" time="0.0" classname="com.eisoo.anysharetest.FullFuctionTest">
    <skipped/>
  </testcase> <!-- @AfterMethod afterMethod -->
  <testcase name="@BeforeMethod beforeMethod" time="0.0" classname="com.eisoo.anysharetest.FullFuctionTest">
    <skipped/>
  </testcase> <!-- @BeforeMethod beforeMethod -->
  <testcase name="@AfterMethod afterMethod" time="0.0" classname="com.eisoo.anysharetest.FullFuctionTest">
    <skipped/>
  </testcase> <!-- @AfterMethod afterMethod -->
  <testcase name="@BeforeMethod beforeMethod" time="0.0" classname="com.eisoo.anysharetest.FullFuctionTest">
    <skipped/>
  </testcase> <!-- @BeforeMethod beforeMethod -->
  <testcase name="@AfterMethod afterMethod" time="0.0" classname="com.eisoo.anysharetest.FullFuctionTest">
    <skipped/>
  </testcase> <!-- @AfterMethod afterMethod -->
  <testcase name="@BeforeMethod beforeMethod" time="0.0" classname="com.eisoo.anysharetest.FullFuctionTest">
    <skipped/>
  </testcase> <!-- @BeforeMethod beforeMethod -->
  <testcase name="@AfterMethod afterMethod" time="0.0" classname="com.eisoo.anysharetest.FullFuctionTest">
    <skipped/>
  </testcase> <!-- @AfterMethod afterMethod -->
  <testcase name="@BeforeMethod beforeMethod" time="0.0" classname="com.eisoo.anysharetest.FullFuctionTest">
    <skipped/>
  </testcase> <!-- @BeforeMethod beforeMethod -->
  <testcase name="@AfterMethod afterMethod" time="0.0" classname="com.eisoo.anysharetest.FullFuctionTest">
    <skipped/>
  </testcase> <!-- @AfterMethod afterMethod -->
  <testcase name="@BeforeMethod beforeMethod" time="0.0" classname="com.eisoo.anysharetest.FullFuctionTest">
    <skipped/>
  </testcase> <!-- @BeforeMethod beforeMethod -->
  <testcase name="@AfterMethod afterMethod" time="0.0" classname="com.eisoo.anysharetest.FullFuctionTest">
    <skipped/>
  </testcase> <!-- @AfterMethod afterMethod -->
  <testcase name="@BeforeMethod beforeMethod" time="0.0" classname="com.eisoo.anysharetest.FullFuctionTest">
    <skipped/>
  </testcase> <!-- @BeforeMethod beforeMethod -->
  <testcase name="@AfterMethod afterMethod" time="0.0" classname="com.eisoo.anysharetest.FullFuctionTest">
    <skipped/>
  </testcase> <!-- @AfterMethod afterMethod -->
  <testcase name="@BeforeMethod beforeMethod" time="0.0" classname="com.eisoo.anysharetest.FullFuctionTest">
    <skipped/>
  </testcase> <!-- @BeforeMethod beforeMethod -->
  <testcase name="@AfterMethod afterMethod" time="0.0" classname="com.eisoo.anysharetest.FullFuctionTest">
    <skipped/>
  </testcase> <!-- @AfterMethod afterMethod -->
  <testcase name="@BeforeMethod beforeMethod" time="0.0" classname="com.eisoo.anysharetest.FullFuctionTest">
    <skipped/>
  </testcase> <!-- @BeforeMethod beforeMethod -->
  <testcase name="@AfterMethod afterMethod" time="0.0" classname="com.eisoo.anysharetest.FullFuctionTest">
    <skipped/>
  </testcase> <!-- @AfterMethod afterMethod -->
  <testcase name="@BeforeMethod beforeMethod" time="0.0" classname="com.eisoo.anysharetest.FullFuctionTest">
    <skipped/>
  </testcase> <!-- @BeforeMethod beforeMethod -->
  <testcase name="@AfterMethod afterMethod" time="0.0" classname="com.eisoo.anysharetest.FullFuctionTest">
    <skipped/>
  </testcase> <!-- @AfterMethod afterMethod -->
  <testcase name="@BeforeMethod beforeMethod" time="0.0" classname="com.eisoo.anysharetest.FullFuctionTest">
    <skipped/>
  </testcase> <!-- @BeforeMethod beforeMethod -->
  <testcase name="@AfterMethod afterMethod" time="0.0" classname="com.eisoo.anysharetest.FullFuctionTest">
    <skipped/>
  </testcase> <!-- @AfterMethod afterMethod -->
  <testcase name="@BeforeMethod beforeMethod" time="0.0" classname="com.eisoo.anysharetest.FullFuctionTest">
    <skipped/>
  </testcase> <!-- @BeforeMethod beforeMethod -->
  <testcase name="@AfterMethod afterMethod" time="0.0" classname="com.eisoo.anysharetest.FullFuctionTest">
    <skipped/>
  </testcase> <!-- @AfterMethod afterMethod -->
  <testcase name="@BeforeMethod beforeMethod" time="0.0" classname="com.eisoo.anysharetest.FullFuctionTest">
    <skipped/>
  </testcase> <!-- @BeforeMethod beforeMethod -->
  <testcase name="@AfterMethod afterMethod" time="0.0" classname="com.eisoo.anysharetest.FullFuctionTest">
    <skipped/>
  </testcase> <!-- @AfterMethod afterMethod -->
  <testcase name="@BeforeMethod beforeMethod" time="0.0" classname="com.eisoo.anysharetest.FullFuctionTest">
    <skipped/>
  </testcase> <!-- @BeforeMethod beforeMethod -->
  <testcase name="@AfterMethod afterMethod" time="0.0" classname="com.eisoo.anysharetest.FullFuctionTest">
    <skipped/>
  </testcase> <!-- @AfterMethod afterMethod -->
  <testcase name="@BeforeMethod beforeMethod" time="0.0" classname="com.eisoo.anysharetest.FullFuctionTest">
    <skipped/>
  </testcase> <!-- @BeforeMethod beforeMethod -->
  <testcase name="@AfterMethod afterMethod" time="0.0" classname="com.eisoo.anysharetest.FullFuctionTest">
    <skipped/>
  </testcase> <!-- @AfterMethod afterMethod -->
  <testcase name="@BeforeMethod beforeMethod" time="0.0" classname="com.eisoo.anysharetest.FullFuctionTest">
    <skipped/>
  </testcase> <!-- @BeforeMethod beforeMethod -->
  <testcase name="@AfterMethod afterMethod" time="0.0" classname="com.eisoo.anysharetest.FullFuctionTest">
    <skipped/>
  </testcase> <!-- @AfterMethod afterMethod -->
  <testcase name="@BeforeMethod beforeMethod" time="0.0" classname="com.eisoo.anysharetest.FullFuctionTest">
    <skipped/>
  </testcase> <!-- @BeforeMethod beforeMethod -->
  <testcase name="@AfterMethod afterMethod" time="0.0" classname="com.eisoo.anysharetest.FullFuctionTest">
    <skipped/>
  </testcase> <!-- @AfterMethod afterMethod -->
  <testcase name="@BeforeMethod beforeMethod" time="0.0" classname="com.eisoo.anysharetest.FullFuctionTest">
    <skipped/>
  </testcase> <!-- @BeforeMethod beforeMethod -->
  <testcase name="@AfterMethod afterMethod" time="0.0" classname="com.eisoo.anysharetest.FullFuctionTest">
    <skipped/>
  </testcase> <!-- @AfterMethod afterMethod -->
  <testcase name="@BeforeMethod beforeMethod" time="0.0" classname="com.eisoo.anysharetest.FullFuctionTest">
    <skipped/>
  </testcase> <!-- @BeforeMethod beforeMethod -->
  <testcase name="@AfterMethod afterMethod" time="0.0" classname="com.eisoo.anysharetest.FullFuctionTest">
    <skipped/>
  </testcase> <!-- @AfterMethod afterMethod -->
  <testcase name="@BeforeMethod beforeMethod" time="0.0" classname="com.eisoo.anysharetest.FullFuctionTest">
    <skipped/>
  </testcase> <!-- @BeforeMethod beforeMethod -->
  <testcase name="@AfterMethod afterMethod" time="0.0" classname="com.eisoo.anysharetest.FullFuctionTest">
    <skipped/>
  </testcase> <!-- @AfterMethod afterMethod -->
  <testcase name="@BeforeMethod beforeMethod" time="0.0" classname="com.eisoo.anysharetest.FullFuctionTest">
    <skipped/>
  </testcase> <!-- @BeforeMethod beforeMethod -->
  <testcase name="@AfterMethod afterMethod" time="0.0" classname="com.eisoo.anysharetest.FullFuctionTest">
    <skipped/>
  </testcase> <!-- @AfterMethod afterMethod -->
  <testcase name="@BeforeMethod beforeMethod" time="0.0" classname="com.eisoo.anysharetest.FullFuctionTest">
    <skipped/>
  </testcase> <!-- @BeforeMethod beforeMethod -->
  <testcase name="@AfterMethod afterMethod" time="0.0" classname="com.eisoo.anysharetest.FullFuctionTest">
    <skipped/>
  </testcase> <!-- @AfterMethod afterMethod -->
  <testcase name="@BeforeMethod beforeMethod" time="0.0" classname="com.eisoo.anysharetest.FullFuctionTest">
    <skipped/>
  </testcase> <!-- @BeforeMethod beforeMethod -->
  <testcase name="@AfterMethod afterMethod" time="0.0" classname="com.eisoo.anysharetest.FullFuctionTest">
    <skipped/>
  </testcase> <!-- @AfterMethod afterMethod -->
  <testcase name="@BeforeMethod beforeMethod" time="0.0" classname="com.eisoo.anysharetest.FullFuctionTest">
    <skipped/>
  </testcase> <!-- @BeforeMethod beforeMethod -->
  <testcase name="@AfterMethod afterMethod" time="0.0" classname="com.eisoo.anysharetest.FullFuctionTest">
    <skipped/>
  </testcase> <!-- @AfterMethod afterMethod -->
  <testcase name="@BeforeMethod beforeMethod" time="0.0" classname="com.eisoo.anysharetest.FullFuctionTest">
    <skipped/>
  </testcase> <!-- @BeforeMethod beforeMethod -->
  <testcase name="@AfterMethod afterMethod" time="0.0" classname="com.eisoo.anysharetest.FullFuctionTest">
    <skipped/>
  </testcase> <!-- @AfterMethod afterMethod -->
  <testcase name="@BeforeMethod beforeMethod" time="0.0" classname="com.eisoo.anysharetest.FullFuctionTest">
    <skipped/>
  </testcase> <!-- @BeforeMethod beforeMethod -->
  <testcase name="@AfterMethod afterMethod" time="0.0" classname="com.eisoo.anysharetest.FullFuctionTest">
    <skipped/>
  </testcase> <!-- @AfterMethod afterMethod -->
  <testcase name="@BeforeMethod beforeMethod" time="0.0" classname="com.eisoo.anysharetest.FullFuctionTest">
    <skipped/>
  </testcase> <!-- @BeforeMethod beforeMethod -->
  <testcase name="@AfterMethod afterMethod" time="0.0" classname="com.eisoo.anysharetest.FullFuctionTest">
    <skipped/>
  </testcase> <!-- @AfterMethod afterMethod -->
  <testcase name="@BeforeMethod beforeMethod" time="0.0" classname="com.eisoo.anysharetest.FullFuctionTest">
    <skipped/>
  </testcase> <!-- @BeforeMethod beforeMethod -->
  <testcase name="@AfterMethod afterMethod" time="0.0" classname="com.eisoo.anysharetest.FullFuctionTest">
    <skipped/>
  </testcase> <!-- @AfterMethod afterMethod -->
  <testcase name="@BeforeMethod beforeMethod" time="0.0" classname="com.eisoo.anysharetest.FullFuctionTest">
    <skipped/>
  </testcase> <!-- @BeforeMethod beforeMethod -->
  <testcase name="@AfterMethod afterMethod" time="0.0" classname="com.eisoo.anysharetest.FullFuctionTest">
    <skipped/>
  </testcase> <!-- @AfterMethod afterMethod -->
  <testcase name="@BeforeMethod beforeMethod" time="0.0" classname="com.eisoo.anysharetest.FullFuctionTest">
    <skipped/>
  </testcase> <!-- @BeforeMethod beforeMethod -->
  <testcase name="@AfterMethod afterMethod" time="0.0" classname="com.eisoo.anysharetest.FullFuctionTest">
    <skipped/>
  </testcase> <!-- @AfterMethod afterMethod -->
  <testcase name="@BeforeMethod beforeMethod" time="0.0" classname="com.eisoo.anysharetest.FullFuctionTest">
    <skipped/>
  </testcase> <!-- @BeforeMethod beforeMethod -->
  <testcase name="@AfterMethod afterMethod" time="0.0" classname="com.eisoo.anysharetest.FullFuctionTest">
    <skipped/>
  </testcase> <!-- @AfterMethod afterMethod -->
  <testcase name="@BeforeMethod beforeMethod" time="0.0" classname="com.eisoo.anysharetest.FullFuctionTest">
    <skipped/>
  </testcase> <!-- @BeforeMethod beforeMethod -->
  <testcase name="@AfterMethod afterMethod" time="0.0" classname="com.eisoo.anysharetest.FullFuctionTest">
    <skipped/>
  </testcase> <!-- @AfterMethod afterMethod -->
  <testcase name="@BeforeMethod beforeMethod" time="0.0" classname="com.eisoo.anysharetest.FullFuctionTest">
    <skipped/>
  </testcase> <!-- @BeforeMethod beforeMethod -->
  <testcase name="@AfterMethod afterMethod" time="0.0" classname="com.eisoo.anysharetest.FullFuctionTest">
    <skipped/>
  </testcase> <!-- @AfterMethod afterMethod -->
  <testcase name="@BeforeMethod beforeMethod" time="0.0" classname="com.eisoo.anysharetest.FullFuctionTest">
    <skipped/>
  </testcase> <!-- @BeforeMethod beforeMethod -->
  <testcase name="@AfterMethod afterMethod" time="0.0" classname="com.eisoo.anysharetest.FullFuctionTest">
    <skipped/>
  </testcase> <!-- @AfterMethod afterMethod -->
  <testcase name="@BeforeMethod beforeMethod" time="0.0" classname="com.eisoo.anysharetest.FullFuctionTest">
    <skipped/>
  </testcase> <!-- @BeforeMethod beforeMethod -->
  <testcase name="@AfterMethod afterMethod" time="0.0" classname="com.eisoo.anysharetest.FullFuctionTest">
    <skipped/>
  </testcase> <!-- @AfterMethod afterMethod -->
  <testcase name="@BeforeMethod beforeMethod" time="0.0" classname="com.eisoo.anysharetest.FullFuctionTest">
    <skipped/>
  </testcase> <!-- @BeforeMethod beforeMethod -->
  <testcase name="@AfterMethod afterMethod" time="0.0" classname="com.eisoo.anysharetest.FullFuctionTest">
    <skipped/>
  </testcase> <!-- @AfterMethod afterMethod -->
  <testcase name="@BeforeMethod beforeMethod" time="0.0" classname="com.eisoo.anysharetest.FullFuctionTest">
    <skipped/>
  </testcase> <!-- @BeforeMethod beforeMethod -->
  <testcase name="@AfterMethod afterMethod" time="0.0" classname="com.eisoo.anysharetest.FullFuctionTest">
    <skipped/>
  </testcase> <!-- @AfterMethod afterMethod -->
  <testcase name="@BeforeMethod beforeMethod" time="0.0" classname="com.eisoo.anysharetest.FullFuctionTest">
    <skipped/>
  </testcase> <!-- @BeforeMethod beforeMethod -->
  <testcase name="@AfterMethod afterMethod" time="0.0" classname="com.eisoo.anysharetest.FullFuctionTest">
    <skipped/>
  </testcase> <!-- @AfterMethod afterMethod -->
  <testcase name="@BeforeMethod beforeMethod" time="0.0" classname="com.eisoo.anysharetest.FullFuctionTest">
    <skipped/>
  </testcase> <!-- @BeforeMethod beforeMethod -->
  <testcase name="@AfterMethod afterMethod" time="0.0" classname="com.eisoo.anysharetest.FullFuctionTest">
    <skipped/>
  </testcase> <!-- @AfterMethod afterMethod -->
  <testcase name="@BeforeMethod beforeMethod" time="0.0" classname="com.eisoo.anysharetest.FullFuctionTest">
    <skipped/>
  </testcase> <!-- @BeforeMethod beforeMethod -->
  <testcase name="@AfterMethod afterMethod" time="0.0" classname="com.eisoo.anysharetest.FullFuctionTest">
    <skipped/>
  </testcase> <!-- @AfterMethod afterMethod -->
  <testcase name="@BeforeMethod beforeMethod" time="0.0" classname="com.eisoo.anysharetest.FullFuctionTest">
    <skipped/>
  </testcase> <!-- @BeforeMethod beforeMethod -->
  <testcase name="@AfterMethod afterMethod" time="0.0" classname="com.eisoo.anysharetest.FullFuctionTest">
    <skipped/>
  </testcase> <!-- @AfterMethod afterMethod -->
  <testcase name="@BeforeMethod beforeMethod" time="0.0" classname="com.eisoo.anysharetest.FullFuctionTest">
    <skipped/>
  </testcase> <!-- @BeforeMethod beforeMethod -->
  <testcase name="@AfterMethod afterMethod" time="0.0" classname="com.eisoo.anysharetest.FullFuctionTest">
    <skipped/>
  </testcase> <!-- @AfterMethod afterMethod -->
  <testcase name="@BeforeMethod beforeMethod" time="0.0" classname="com.eisoo.anysharetest.FullFuctionTest">
    <skipped/>
  </testcase> <!-- @BeforeMethod beforeMethod -->
  <testcase name="@AfterMethod afterMethod" time="0.0" classname="com.eisoo.anysharetest.FullFuctionTest">
    <skipped/>
  </testcase> <!-- @AfterMethod afterMethod -->
  <testcase name="@BeforeMethod beforeMethod" time="0.0" classname="com.eisoo.anysharetest.FullFuctionTest">
    <skipped/>
  </testcase> <!-- @BeforeMethod beforeMethod -->
  <testcase name="@AfterMethod afterMethod" time="0.0" classname="com.eisoo.anysharetest.FullFuctionTest">
    <skipped/>
  </testcase> <!-- @AfterMethod afterMethod -->
  <testcase name="@BeforeMethod beforeMethod" time="0.0" classname="com.eisoo.anysharetest.FullFuctionTest">
    <skipped/>
  </testcase> <!-- @BeforeMethod beforeMethod -->
  <testcase name="@AfterMethod afterMethod" time="0.0" classname="com.eisoo.anysharetest.FullFuctionTest">
    <skipped/>
  </testcase> <!-- @AfterMethod afterMethod -->
  <testcase name="@BeforeMethod beforeMethod" time="0.0" classname="com.eisoo.anysharetest.FullFuctionTest">
    <skipped/>
  </testcase> <!-- @BeforeMethod beforeMethod -->
  <testcase name="@AfterMethod afterMethod" time="0.0" classname="com.eisoo.anysharetest.FullFuctionTest">
    <skipped/>
  </testcase> <!-- @AfterMethod afterMethod -->
  <testcase name="@BeforeMethod beforeMethod" time="0.0" classname="com.eisoo.anysharetest.FullFuctionTest">
    <skipped/>
  </testcase> <!-- @BeforeMethod beforeMethod -->
  <testcase name="@AfterMethod afterMethod" time="0.0" classname="com.eisoo.anysharetest.FullFuctionTest">
    <skipped/>
  </testcase> <!-- @AfterMethod afterMethod -->
  <testcase name="@BeforeMethod beforeMethod" time="0.0" classname="com.eisoo.anysharetest.FullFuctionTest">
    <skipped/>
  </testcase> <!-- @BeforeMethod beforeMethod -->
  <testcase name="@AfterMethod afterMethod" time="0.0" classname="com.eisoo.anysharetest.FullFuctionTest">
    <skipped/>
  </testcase> <!-- @AfterMethod afterMethod -->
  <testcase name="@BeforeMethod beforeMethod" time="0.0" classname="com.eisoo.anysharetest.FullFuctionTest">
    <skipped/>
  </testcase> <!-- @BeforeMethod beforeMethod -->
  <testcase name="@AfterMethod afterMethod" time="0.0" classname="com.eisoo.anysharetest.FullFuctionTest">
    <skipped/>
  </testcase> <!-- @AfterMethod afterMethod -->
  <testcase name="@BeforeMethod beforeMethod" time="0.0" classname="com.eisoo.anysharetest.FullFuctionTest">
    <skipped/>
  </testcase> <!-- @BeforeMethod beforeMethod -->
  <testcase name="@AfterMethod afterMethod" time="0.0" classname="com.eisoo.anysharetest.FullFuctionTest">
    <skipped/>
  </testcase> <!-- @AfterMethod afterMethod -->
  <testcase name="@BeforeMethod beforeMethod" time="0.0" classname="com.eisoo.anysharetest.FullFuctionTest">
    <skipped/>
  </testcase> <!-- @BeforeMethod beforeMethod -->
  <testcase name="@AfterMethod afterMethod" time="0.0" classname="com.eisoo.anysharetest.FullFuctionTest">
    <skipped/>
  </testcase> <!-- @AfterMethod afterMethod -->
  <testcase name="@BeforeMethod beforeMethod" time="0.0" classname="com.eisoo.anysharetest.FullFuctionTest">
    <skipped/>
  </testcase> <!-- @BeforeMethod beforeMethod -->
  <testcase name="@AfterMethod afterMethod" time="0.0" classname="com.eisoo.anysharetest.FullFuctionTest">
    <skipped/>
  </testcase> <!-- @AfterMethod afterMethod -->
  <testcase name="@AfterClass afterClass" time="0.0" classname="com.eisoo.anysharetest.FullFuctionTest">
    <skipped/>
  </testcase> <!-- @AfterClass afterClass -->
  <testcase name="a_checkUI" time="11.08" classname="com.eisoo.anysharetest.FullFuctionTest"/>
  <testcase name="a_pauseAll" time="40.273" classname="com.eisoo.anysharetest.FullFuctionTest"/>
  <testcase name="a_uploadAllVideo" time="35.723" classname="com.eisoo.anysharetest.FullFuctionTest"/>
  <testcase name="a_uploadAudio" time="0.0" classname="com.eisoo.anysharetest.FullFuctionTest">
    <skipped/>
  </testcase> <!-- a_uploadAudio -->
  <testcase name="a_uploadContinueVideo" time="0.0" classname="com.eisoo.anysharetest.FullFuctionTest">
    <skipped/>
  </testcase> <!-- a_uploadContinueVideo -->
  <testcase name="a_uploadFile" time="0.0" classname="com.eisoo.anysharetest.FullFuctionTest">
    <skipped/>
  </testcase> <!-- a_uploadFile -->
  <testcase name="a_uploadMulVideo" time="0.0" classname="com.eisoo.anysharetest.FullFuctionTest">
    <skipped/>
  </testcase> <!-- a_uploadMulVideo -->
  <testcase name="a_uploadNoPermission" time="0.0" classname="com.eisoo.anysharetest.FullFuctionTest">
    <skipped/>
  </testcase> <!-- a_uploadNoPermission -->
  <testcase name="a_uploadNoWifi" time="0.0" classname="com.eisoo.anysharetest.FullFuctionTest">
    <skipped/>
  </testcase> <!-- a_uploadNoWifi -->
  <testcase name="a_uploadPauseVideo" time="0.0" classname="com.eisoo.anysharetest.FullFuctionTest">
    <skipped/>
  </testcase> <!-- a_uploadPauseVideo -->
  <testcase name="a_uploadPics" time="0.0" classname="com.eisoo.anysharetest.FullFuctionTest">
    <skipped/>
  </testcase> <!-- a_uploadPics -->
  <testcase name="a_uploadTakePhoto" time="0.0" classname="com.eisoo.anysharetest.FullFuctionTest">
    <skipped/>
  </testcase> <!-- a_uploadTakePhoto -->
  <testcase name="a_uploadVideo" time="0.0" classname="com.eisoo.anysharetest.FullFuctionTest">
    <skipped/>
  </testcase> <!-- a_uploadVideo -->
  <testcase name="a_uploadWaitWifi" time="0.0" classname="com.eisoo.anysharetest.FullFuctionTest">
    <skipped/>
  </testcase> <!-- a_uploadWaitWifi -->
  <testcase name="b1_downldNoWifi" time="0.0" classname="com.eisoo.anysharetest.FullFuctionTest">
    <skipped/>
  </testcase> <!-- b1_downldNoWifi -->
  <testcase name="b2_downldNoPermisison" time="0.0" classname="com.eisoo.anysharetest.FullFuctionTest">
    <skipped/>
  </testcase> <!-- b2_downldNoPermisison -->
  <testcase name="b2_downldWaitWfi" time="0.0" classname="com.eisoo.anysharetest.FullFuctionTest">
    <skipped/>
  </testcase> <!-- b2_downldWaitWfi -->
  <testcase name="b_downldAFile" time="0.0" classname="com.eisoo.anysharetest.FullFuctionTest">
    <skipped/>
  </testcase> <!-- b_downldAFile -->
  <testcase name="b_downldAllFile" time="0.0" classname="com.eisoo.anysharetest.FullFuctionTest">
    <skipped/>
  </testcase> <!-- b_downldAllFile -->
  <testcase name="b_downldManyFile" time="0.0" classname="com.eisoo.anysharetest.FullFuctionTest">
    <skipped/>
  </testcase> <!-- b_downldManyFile -->
  <testcase name="b_downldMultiFile" time="0.0" classname="com.eisoo.anysharetest.FullFuctionTest">
    <skipped/>
  </testcase> <!-- b_downldMultiFile -->
  <testcase name="c_asearchInlink" time="0.0" classname="com.eisoo.anysharetest.FullFuctionTest">
    <skipped/>
  </testcase> <!-- c_asearchInlink -->
  <testcase name="c_delFile" time="0.0" classname="com.eisoo.anysharetest.FullFuctionTest">
    <skipped/>
  </testcase> <!-- c_delFile -->
  <testcase name="c_delFiles" time="0.0" classname="com.eisoo.anysharetest.FullFuctionTest">
    <skipped/>
  </testcase> <!-- c_delFiles -->
  <testcase name="c_renameFile" time="0.0" classname="com.eisoo.anysharetest.FullFuctionTest">
    <skipped/>
  </testcase> <!-- c_renameFile -->
  <testcase name="c_searchAlldir" time="0.0" classname="com.eisoo.anysharetest.FullFuctionTest">
    <skipped/>
  </testcase> <!-- c_searchAlldir -->
  <testcase name="c_searchExlink" time="0.0" classname="com.eisoo.anysharetest.FullFuctionTest">
    <skipped/>
  </testcase> <!-- c_searchExlink -->
  <testcase name="c_searchKws" time="0.0" classname="com.eisoo.anysharetest.FullFuctionTest">
    <skipped/>
  </testcase> <!-- c_searchKws -->
  <testcase name="d_openAudio" time="0.0" classname="com.eisoo.anysharetest.FullFuctionTest">
    <skipped/>
  </testcase> <!-- d_openAudio -->
  <testcase name="d_openExcel" time="0.0" classname="com.eisoo.anysharetest.FullFuctionTest">
    <skipped/>
  </testcase> <!-- d_openExcel -->
  <testcase name="d_openFile" time="0.0" classname="com.eisoo.anysharetest.FullFuctionTest">
    <skipped/>
  </testcase> <!-- d_openFile -->
  <testcase name="d_openPic" time="0.0" classname="com.eisoo.anysharetest.FullFuctionTest">
    <skipped/>
  </testcase> <!-- d_openPic -->
  <testcase name="d_openVideo" time="0.0" classname="com.eisoo.anysharetest.FullFuctionTest">
    <skipped/>
  </testcase> <!-- d_openVideo -->
  <testcase name="e_copyAllFiles" time="0.0" classname="com.eisoo.anysharetest.FullFuctionTest">
    <skipped/>
  </testcase> <!-- e_copyAllFiles -->
  <testcase name="e_copyFile" time="0.0" classname="com.eisoo.anysharetest.FullFuctionTest">
    <skipped/>
  </testcase> <!-- e_copyFile -->
  <testcase name="e_copyFileSingle" time="0.0" classname="com.eisoo.anysharetest.FullFuctionTest">
    <skipped/>
  </testcase> <!-- e_copyFileSingle -->
  <testcase name="e_copyFiles" time="0.0" classname="com.eisoo.anysharetest.FullFuctionTest">
    <skipped/>
  </testcase> <!-- e_copyFiles -->
  <testcase name="e_moveAllFiles" time="0.0" classname="com.eisoo.anysharetest.FullFuctionTest">
    <skipped/>
  </testcase> <!-- e_moveAllFiles -->
  <testcase name="e_moveFile" time="0.0" classname="com.eisoo.anysharetest.FullFuctionTest">
    <skipped/>
  </testcase> <!-- e_moveFile -->
  <testcase name="e_moveFileSingle" time="0.0" classname="com.eisoo.anysharetest.FullFuctionTest">
    <skipped/>
  </testcase> <!-- e_moveFileSingle -->
  <testcase name="e_moveFiles" time="0.0" classname="com.eisoo.anysharetest.FullFuctionTest">
    <skipped/>
  </testcase> <!-- e_moveFiles -->
  <testcase name="f_addcomm_diffChar" time="0.0" classname="com.eisoo.anysharetest.FullFuctionTest">
    <skipped/>
  </testcase> <!-- f_addcomm_diffChar -->
  <testcase name="f_addcomm_inlimit" time="0.0" classname="com.eisoo.anysharetest.FullFuctionTest">
    <skipped/>
  </testcase> <!-- f_addcomm_inlimit -->
  <testcase name="f_addcomm_overlimit" time="0.0" classname="com.eisoo.anysharetest.FullFuctionTest">
    <skipped/>
  </testcase> <!-- f_addcomm_overlimit -->
  <testcase name="f_delcommt" time="0.0" classname="com.eisoo.anysharetest.FullFuctionTest">
    <skipped/>
  </testcase> <!-- f_delcommt -->
  <testcase name="f_replycommt" time="0.0" classname="com.eisoo.anysharetest.FullFuctionTest">
    <skipped/>
  </testcase> <!-- f_replycommt -->
  <testcase name="g_markAnyFile" time="0.0" classname="com.eisoo.anysharetest.FullFuctionTest">
    <skipped/>
  </testcase> <!-- g_markAnyFile -->
  <testcase name="g_unmarkAnyFile" time="0.0" classname="com.eisoo.anysharetest.FullFuctionTest">
    <skipped/>
  </testcase> <!-- g_unmarkAnyFile -->
  <testcase name="h1_setOnTest" time="0.0" classname="com.eisoo.anysharetest.FullFuctionTest">
    <skipped/>
  </testcase> <!-- h1_setOnTest -->
  <testcase name="h2_modifyTest" time="0.0" classname="com.eisoo.anysharetest.FullFuctionTest">
    <skipped/>
  </testcase> <!-- h2_modifyTest -->
  <testcase name="h2_unlockTest" time="0.0" classname="com.eisoo.anysharetest.FullFuctionTest">
    <skipped/>
  </testcase> <!-- h2_unlockTest -->
  <testcase name="h3_setOffTest" time="0.0" classname="com.eisoo.anysharetest.FullFuctionTest">
    <skipped/>
  </testcase> <!-- h3_setOffTest -->
  <testcase name="i_setaEn" time="0.0" classname="com.eisoo.anysharetest.FullFuctionTest">
    <skipped/>
  </testcase> <!-- i_setaEn -->
  <testcase name="i_setaTraditional" time="0.0" classname="com.eisoo.anysharetest.FullFuctionTest">
    <skipped/>
  </testcase> <!-- i_setaTraditional -->
  <testcase name="i_setbCh" time="0.0" classname="com.eisoo.anysharetest.FullFuctionTest">
    <skipped/>
  </testcase> <!-- i_setbCh -->
  <testcase name="i_setbEnHome" time="0.0" classname="com.eisoo.anysharetest.FullFuctionTest">
    <skipped/>
  </testcase> <!-- i_setbEnHome -->
  <testcase name="i_setbTraditionalHome" time="0.0" classname="com.eisoo.anysharetest.FullFuctionTest">
    <skipped/>
  </testcase> <!-- i_setbTraditionalHome -->
  <testcase name="i_setcChHome" time="0.0" classname="com.eisoo.anysharetest.FullFuctionTest">
    <skipped/>
  </testcase> <!-- i_setcChHome -->
  <testcase name="j1_checkdefaultUI" time="0.0" classname="com.eisoo.anysharetest.FullFuctionTest">
    <skipped/>
  </testcase> <!-- j1_checkdefaultUI -->
  <testcase name="j2_startBackup" time="0.0" classname="com.eisoo.anysharetest.FullFuctionTest">
    <skipped/>
  </testcase> <!-- j2_startBackup -->
  <testcase name="j3_pauseBackup" time="0.0" classname="com.eisoo.anysharetest.FullFuctionTest">
    <skipped/>
  </testcase> <!-- j3_pauseBackup -->
  <testcase name="j4_wifiBackup" time="0.0" classname="com.eisoo.anysharetest.FullFuctionTest">
    <skipped/>
  </testcase> <!-- j4_wifiBackup -->
  <testcase name="j5_chooseDest" time="0.0" classname="com.eisoo.anysharetest.FullFuctionTest">
    <skipped/>
  </testcase> <!-- j5_chooseDest -->
  <testcase name="j6_stopBackup" time="0.0" classname="com.eisoo.anysharetest.FullFuctionTest">
    <skipped/>
  </testcase> <!-- j6_stopBackup -->
  <testcase name="k_thumbnail_View" time="0.0" classname="com.eisoo.anysharetest.FullFuctionTest">
    <skipped/>
  </testcase> <!-- k_thumbnail_View -->
  <testcase name="k_timeOrder" time="0.0" classname="com.eisoo.anysharetest.FullFuctionTest">
    <skipped/>
  </testcase> <!-- k_timeOrder -->
  <testcase name="l_cancelLink" time="0.0" classname="com.eisoo.anysharetest.FullFuctionTest">
    <skipped/>
  </testcase> <!-- l_cancelLink -->
  <testcase name="l_openLink" time="0.0" classname="com.eisoo.anysharetest.FullFuctionTest">
    <skipped/>
  </testcase> <!-- l_openLink -->
  <testcase name="l_znolink" time="0.0" classname="com.eisoo.anysharetest.FullFuctionTest">
    <skipped/>
  </testcase> <!-- l_znolink -->
  <testcase name="m_closeExlink" time="0.0" classname="com.eisoo.anysharetest.FullFuctionTest">
    <skipped/>
  </testcase> <!-- m_closeExlink -->
  <testcase name="m_copyExlink" time="0.0" classname="com.eisoo.anysharetest.FullFuctionTest">
    <skipped/>
  </testcase> <!-- m_copyExlink -->
  <testcase name="m_shareEmail" time="0.0" classname="com.eisoo.anysharetest.FullFuctionTest">
    <skipped/>
  </testcase> <!-- m_shareEmail -->
  <testcase name="m_shareMMS" time="0.0" classname="com.eisoo.anysharetest.FullFuctionTest">
    <skipped/>
  </testcase> <!-- m_shareMMS -->
  <testcase name="m_shareQQ" time="0.0" classname="com.eisoo.anysharetest.FullFuctionTest">
    <skipped/>
  </testcase> <!-- m_shareQQ -->
  <testcase name="m_shareWechat" time="0.0" classname="com.eisoo.anysharetest.FullFuctionTest">
    <skipped/>
  </testcase> <!-- m_shareWechat -->
  <testcase name="m_shareWeibo" time="0.0" classname="com.eisoo.anysharetest.FullFuctionTest">
    <skipped/>
  </testcase> <!-- m_shareWeibo -->
  <testcase name="n1_addOne" time="0.0" classname="com.eisoo.anysharetest.FullFuctionTest">
    <skipped/>
  </testcase> <!-- n1_addOne -->
  <testcase name="n1_checkAdd" time="0.0" classname="com.eisoo.anysharetest.FullFuctionTest">
    <skipped/>
  </testcase> <!-- n1_checkAdd -->
  <testcase name="n2_delOne" time="0.0" classname="com.eisoo.anysharetest.FullFuctionTest">
    <skipped/>
  </testcase> <!-- n2_delOne -->
  <testcase name="n3_checkdel" time="0.0" classname="com.eisoo.anysharetest.FullFuctionTest">
    <skipped/>
  </testcase> <!-- n3_checkdel -->
  <testcase name="n4_share" time="0.0" classname="com.eisoo.anysharetest.FullFuctionTest">
    <skipped/>
  </testcase> <!-- n4_share -->
  <testcase name="z_loginDomainTest" time="0.0" classname="com.eisoo.anysharetest.FullFuctionTest">
    <skipped/>
  </testcase> <!-- z_loginDomainTest -->
  <testcase name="loginIp" time="0.0" classname="com.eisoo.anysharetest.BaseTest">
    <ignored/>
  </testcase> <!-- loginIp -->
  <testcase name="testLogin" time="0.0" classname="com.eisoo.anysharetest.BaseTest">
    <ignored/>
  </testcase> <!-- testLogin -->
  <testcase name="loginDomain" time="0.0" classname="com.eisoo.anysharetest.BaseTest">
    <ignored/>
  </testcase> <!-- loginDomain -->
</testsuite> <!-- Default test -->
