<?xml version="1.0" encoding="UTF-8"?>
<testng-results skipped="79" failed="0" ignored="3" total="85" passed="3">
  <reporter-output>
  </reporter-output>
  <suite name="Default suite" duration-ms="179859" started-at="2018-08-23T08:15:40Z" finished-at="2018-08-23T08:18:39Z">
    <groups>
    </groups>
    <test name="Default test" duration-ms="179859" started-at="2018-08-23T08:15:40Z" finished-at="2018-08-23T08:18:39Z">
      <class name="com.eisoo.anysharetest.FullFuctionTest">
        <test-method status="PASS" signature="beforeClass()[pri:0, instance:com.eisoo.anysharetest.FullFuctionTest@610694f1]" name="beforeClass" is-config="true" duration-ms="76558" started-at="2018-08-23T16:15:40Z" finished-at="2018-08-23T16:16:56Z">
          <reporter-output>
          </reporter-output>
        </test-method> <!-- beforeClass -->
        <test-method status="PASS" signature="beforeMethod()[pri:0, instance:com.eisoo.anysharetest.FullFuctionTest@610694f1]" name="beforeMethod" is-config="true" duration-ms="5656" started-at="2018-08-23T16:16:56Z" finished-at="2018-08-23T16:17:02Z">
          <reporter-output>
          </reporter-output>
        </test-method> <!-- beforeMethod -->
        <test-method status="PASS" signature="a_checkUI()[pri:0, instance:com.eisoo.anysharetest.FullFuctionTest@610694f1]" name="a_checkUI" duration-ms="11080" started-at="2018-08-23T16:17:02Z" finished-at="2018-08-23T16:17:13Z">
          <reporter-output>
          </reporter-output>
        </test-method> <!-- a_checkUI -->
        <test-method status="PASS" signature="afterMethod()[pri:0, instance:com.eisoo.anysharetest.FullFuctionTest@610694f1]" name="afterMethod" is-config="true" duration-ms="2471" started-at="2018-08-23T16:17:13Z" finished-at="2018-08-23T16:17:15Z">
          <reporter-output>
          </reporter-output>
        </test-method> <!-- afterMethod -->
        <test-method status="PASS" signature="beforeMethod()[pri:0, instance:com.eisoo.anysharetest.FullFuctionTest@610694f1]" name="beforeMethod" is-config="true" duration-ms="1661" started-at="2018-08-23T16:17:15Z" finished-at="2018-08-23T16:17:17Z">
          <reporter-output>
          </reporter-output>
        </test-method> <!-- beforeMethod -->
        <test-method status="PASS" signature="a_pauseAll()[pri:0, instance:com.eisoo.anysharetest.FullFuctionTest@610694f1]" name="a_pauseAll" duration-ms="40273" started-at="2018-08-23T16:17:17Z" finished-at="2018-08-23T16:17:57Z">
          <reporter-output>
          </reporter-output>
        </test-method> <!-- a_pauseAll -->
        <test-method status="PASS" signature="afterMethod()[pri:0, instance:com.eisoo.anysharetest.FullFuctionTest@610694f1]" name="afterMethod" is-config="true" duration-ms="2164" started-at="2018-08-23T16:17:57Z" finished-at="2018-08-23T16:18:00Z">
          <reporter-output>
          </reporter-output>
        </test-method> <!-- afterMethod -->
        <test-method status="PASS" signature="beforeMethod()[pri:0, instance:com.eisoo.anysharetest.FullFuctionTest@610694f1]" name="beforeMethod" is-config="true" duration-ms="1841" started-at="2018-08-23T16:18:00Z" finished-at="2018-08-23T16:18:01Z">
          <reporter-output>
          </reporter-output>
        </test-method> <!-- beforeMethod -->
        <test-method status="PASS" signature="a_uploadAllVideo()[pri:0, instance:com.eisoo.anysharetest.FullFuctionTest@610694f1]" name="a_uploadAllVideo" duration-ms="35723" started-at="2018-08-23T16:18:01Z" finished-at="2018-08-23T16:18:37Z">
          <reporter-output>
          </reporter-output>
        </test-method> <!-- a_uploadAllVideo -->
        <test-method status="PASS" signature="afterMethod()[pri:0, instance:com.eisoo.anysharetest.FullFuctionTest@610694f1]" name="afterMethod" is-config="true" duration-ms="2216" started-at="2018-08-23T16:18:37Z" finished-at="2018-08-23T16:18:39Z">
          <reporter-output>
          </reporter-output>
        </test-method> <!-- afterMethod -->
        <test-method status="FAIL" signature="beforeMethod()[pri:0, instance:com.eisoo.anysharetest.FullFuctionTest@610694f1]" name="beforeMethod" is-config="true" duration-ms="15" started-at="2018-08-23T16:18:39Z" finished-at="2018-08-23T16:18:39Z">
          <exception class="org.openqa.selenium.remote.SessionNotFoundException">
            <message>
              <![CDATA[A session is either terminated or not started (WARNING: The server did not provide any stacktrace information)
Command duration or timeout: 7 milliseconds
Build info: version: '2.53.0', revision: '35ae25b1534ae328c771e0856c93e187490ca824', time: '2016-03-15 10:43:46'
System info: host: 'VivideMacBook-Pro.local', ip: '192.168.51.66', os.name: 'Mac OS X', os.arch: 'x86_64', os.version: '10.13.2', java.version: '1.8.0_40'
Driver info: io.appium.java_client.android.AndroidDriver
Capabilities [{appPackage=com.eisoo.anyshare, deviceScreenSize=1080x1920, networkConnectionEnabled=true, noSign=true, warnings={}, databaseEnabled=false, deviceName=PBV0216526000628, platform=LINUX, MobileCapabilityType.AUTOMATION_NAME=Appium, deviceUDID=PBV0216526000628, appActivity=.AppStartActivity, desired={appPackage=com.eisoo.anyshare, appActivity=.AppStartActivity, noSign=true, platformVersion=7.0, unicodeKeyboard=true, sessionOverride=true, platformName=Android, deviceName=testyy, resetKeyboard=true, MobileCapabilityType.AUTOMATION_NAME=Appium}, platformVersion=7.0, webStorageEnabled=false, locationContextEnabled=false, takesScreenshot=true, javascriptEnabled=true, deviceModel=EVA-AL00, unicodeKeyboard=true, sessionOverride=true, platformName=Android, deviceManufacturer=HUAWEI, resetKeyboard=true}]
Session ID: 6069dc83-81b1-4598-b623-3c63e08ee465]]>
            </message>
            <full-stacktrace>
              <![CDATA[org.openqa.selenium.remote.SessionNotFoundException: A session is either terminated or not started (WARNING: The server did not provide any stacktrace information)
Command duration or timeout: 7 milliseconds
Build info: version: '2.53.0', revision: '35ae25b1534ae328c771e0856c93e187490ca824', time: '2016-03-15 10:43:46'
System info: host: 'VivideMacBook-Pro.local', ip: '192.168.51.66', os.name: 'Mac OS X', os.arch: 'x86_64', os.version: '10.13.2', java.version: '1.8.0_40'
Driver info: io.appium.java_client.android.AndroidDriver
Capabilities [{appPackage=com.eisoo.anyshare, deviceScreenSize=1080x1920, networkConnectionEnabled=true, noSign=true, warnings={}, databaseEnabled=false, deviceName=PBV0216526000628, platform=LINUX, MobileCapabilityType.AUTOMATION_NAME=Appium, deviceUDID=PBV0216526000628, appActivity=.AppStartActivity, desired={appPackage=com.eisoo.anyshare, appActivity=.AppStartActivity, noSign=true, platformVersion=7.0, unicodeKeyboard=true, sessionOverride=true, platformName=Android, deviceName=testyy, resetKeyboard=true, MobileCapabilityType.AUTOMATION_NAME=Appium}, platformVersion=7.0, webStorageEnabled=false, locationContextEnabled=false, takesScreenshot=true, javascriptEnabled=true, deviceModel=EVA-AL00, unicodeKeyboard=true, sessionOverride=true, platformName=Android, deviceManufacturer=HUAWEI, resetKeyboard=true}]
Session ID: 6069dc83-81b1-4598-b623-3c63e08ee465
	at sun.reflect.NativeConstructorAccessorImpl.newInstance0(Native Method)
	at sun.reflect.NativeConstructorAccessorImpl.newInstance(NativeConstructorAccessorImpl.java:62)
	at sun.reflect.DelegatingConstructorAccessorImpl.newInstance(DelegatingConstructorAccessorImpl.java:45)
	at java.lang.reflect.Constructor.newInstance(Constructor.java:422)
	at org.openqa.selenium.remote.ErrorHandler.createThrowable(ErrorHandler.java:206)
	at org.openqa.selenium.remote.ErrorHandler.throwIfResponseFailed(ErrorHandler.java:158)
	at org.openqa.selenium.remote.RemoteWebDriver.execute(RemoteWebDriver.java:678)
	at io.appium.java_client.DefaultGenericMobileDriver.execute(DefaultGenericMobileDriver.java:43)
	at io.appium.java_client.AppiumDriver.execute(AppiumDriver.java:1)
	at io.appium.java_client.android.AndroidDriver.execute(AndroidDriver.java:1)
	at io.appium.java_client.android.AndroidDriver.pressKeyCode(AndroidDriver.java:137)
	at com.eisoo.anysharetest.BaseTest.startAS(BaseTest.java:107)
	at com.eisoo.anysharetest.FullFuctionTest.beforeMethod(FullFuctionTest.java:40)
	at sun.reflect.NativeMethodAccessorImpl.invoke0(Native Method)
	at sun.reflect.NativeMethodAccessorImpl.invoke(NativeMethodAccessorImpl.java:62)
	at sun.reflect.DelegatingMethodAccessorImpl.invoke(DelegatingMethodAccessorImpl.java:43)
	at java.lang.reflect.Method.invoke(Method.java:497)
	at org.testng.internal.MethodInvocationHelper.invokeMethod(MethodInvocationHelper.java:108)
	at org.testng.internal.Invoker.invokeConfigurationMethod(Invoker.java:523)
	at org.testng.internal.Invoker.invokeConfigurations(Invoker.java:224)
	at org.testng.internal.Invoker.invokeMethod(Invoker.java:599)
	at org.testng.internal.Invoker.invokeTestMethod(Invoker.java:877)
	at org.testng.internal.Invoker.invokeTestMethods(Invoker.java:1201)
	at org.testng.internal.TestMethodWorker.invokeTestMethods(TestMethodWorker.java:125)
	at org.testng.internal.TestMethodWorker.run(TestMethodWorker.java:109)
	at org.testng.TestRunner.privateRun(TestRunner.java:776)
	at org.testng.TestRunner.run(TestRunner.java:634)
	at org.testng.SuiteRunner.runTest(SuiteRunner.java:425)
	at org.testng.SuiteRunner.runSequentially(SuiteRunner.java:420)
	at org.testng.SuiteRunner.privateRun(SuiteRunner.java:385)
	at org.testng.SuiteRunner.run(SuiteRunner.java:334)
	at org.testng.SuiteRunnerWorker.runSuite(SuiteRunnerWorker.java:52)
	at org.testng.SuiteRunnerWorker.run(SuiteRunnerWorker.java:86)
	at org.testng.TestNG.runSuitesSequentially(TestNG.java:1318)
	at org.testng.TestNG.runSuitesLocally(TestNG.java:1243)
	at org.testng.TestNG.runSuites(TestNG.java:1161)
	at org.testng.TestNG.run(TestNG.java:1129)
	at org.testng.remote.AbstractRemoteTestNG.run(AbstractRemoteTestNG.java:114)
	at org.testng.remote.RemoteTestNG.initAndRun(RemoteTestNG.java:251)
	at org.testng.remote.RemoteTestNG.main(RemoteTestNG.java:77)
]]>
            </full-stacktrace>
          </exception> <!-- org.openqa.selenium.remote.SessionNotFoundException -->
          <reporter-output>
          </reporter-output>
        </test-method> <!-- beforeMethod -->
        <test-method status="SKIP" signature="a_uploadAudio()[pri:0, instance:com.eisoo.anysharetest.FullFuctionTest@610694f1]" name="a_uploadAudio" duration-ms="0" started-at="2018-08-23T16:18:39Z" finished-at="2018-08-23T16:18:39Z">
          <exception class="org.openqa.selenium.remote.SessionNotFoundException">
            <message>
              <![CDATA[A session is either terminated or not started (WARNING: The server did not provide any stacktrace information)
Command duration or timeout: 7 milliseconds
Build info: version: '2.53.0', revision: '35ae25b1534ae328c771e0856c93e187490ca824', time: '2016-03-15 10:43:46'
System info: host: 'VivideMacBook-Pro.local', ip: '192.168.51.66', os.name: 'Mac OS X', os.arch: 'x86_64', os.version: '10.13.2', java.version: '1.8.0_40'
Driver info: io.appium.java_client.android.AndroidDriver
Capabilities [{appPackage=com.eisoo.anyshare, deviceScreenSize=1080x1920, networkConnectionEnabled=true, noSign=true, warnings={}, databaseEnabled=false, deviceName=PBV0216526000628, platform=LINUX, MobileCapabilityType.AUTOMATION_NAME=Appium, deviceUDID=PBV0216526000628, appActivity=.AppStartActivity, desired={appPackage=com.eisoo.anyshare, appActivity=.AppStartActivity, noSign=true, platformVersion=7.0, unicodeKeyboard=true, sessionOverride=true, platformName=Android, deviceName=testyy, resetKeyboard=true, MobileCapabilityType.AUTOMATION_NAME=Appium}, platformVersion=7.0, webStorageEnabled=false, locationContextEnabled=false, takesScreenshot=true, javascriptEnabled=true, deviceModel=EVA-AL00, unicodeKeyboard=true, sessionOverride=true, platformName=Android, deviceManufacturer=HUAWEI, resetKeyboard=true}]
Session ID: 6069dc83-81b1-4598-b623-3c63e08ee465]]>
            </message>
            <full-stacktrace>
              <![CDATA[org.openqa.selenium.remote.SessionNotFoundException: A session is either terminated or not started (WARNING: The server did not provide any stacktrace information)
Command duration or timeout: 7 milliseconds
Build info: version: '2.53.0', revision: '35ae25b1534ae328c771e0856c93e187490ca824', time: '2016-03-15 10:43:46'
System info: host: 'VivideMacBook-Pro.local', ip: '192.168.51.66', os.name: 'Mac OS X', os.arch: 'x86_64', os.version: '10.13.2', java.version: '1.8.0_40'
Driver info: io.appium.java_client.android.AndroidDriver
Capabilities [{appPackage=com.eisoo.anyshare, deviceScreenSize=1080x1920, networkConnectionEnabled=true, noSign=true, warnings={}, databaseEnabled=false, deviceName=PBV0216526000628, platform=LINUX, MobileCapabilityType.AUTOMATION_NAME=Appium, deviceUDID=PBV0216526000628, appActivity=.AppStartActivity, desired={appPackage=com.eisoo.anyshare, appActivity=.AppStartActivity, noSign=true, platformVersion=7.0, unicodeKeyboard=true, sessionOverride=true, platformName=Android, deviceName=testyy, resetKeyboard=true, MobileCapabilityType.AUTOMATION_NAME=Appium}, platformVersion=7.0, webStorageEnabled=false, locationContextEnabled=false, takesScreenshot=true, javascriptEnabled=true, deviceModel=EVA-AL00, unicodeKeyboard=true, sessionOverride=true, platformName=Android, deviceManufacturer=HUAWEI, resetKeyboard=true}]
Session ID: 6069dc83-81b1-4598-b623-3c63e08ee465
	at sun.reflect.NativeConstructorAccessorImpl.newInstance0(Native Method)
	at sun.reflect.NativeConstructorAccessorImpl.newInstance(NativeConstructorAccessorImpl.java:62)
	at sun.reflect.DelegatingConstructorAccessorImpl.newInstance(DelegatingConstructorAccessorImpl.java:45)
	at java.lang.reflect.Constructor.newInstance(Constructor.java:422)
	at org.openqa.selenium.remote.ErrorHandler.createThrowable(ErrorHandler.java:206)
	at org.openqa.selenium.remote.ErrorHandler.throwIfResponseFailed(ErrorHandler.java:158)
	at org.openqa.selenium.remote.RemoteWebDriver.execute(RemoteWebDriver.java:678)
	at io.appium.java_client.DefaultGenericMobileDriver.execute(DefaultGenericMobileDriver.java:43)
	at io.appium.java_client.AppiumDriver.execute(AppiumDriver.java:1)
	at io.appium.java_client.android.AndroidDriver.execute(AndroidDriver.java:1)
	at io.appium.java_client.android.AndroidDriver.pressKeyCode(AndroidDriver.java:137)
	at com.eisoo.anysharetest.BaseTest.startAS(BaseTest.java:107)
	at com.eisoo.anysharetest.FullFuctionTest.beforeMethod(FullFuctionTest.java:40)
	at sun.reflect.NativeMethodAccessorImpl.invoke0(Native Method)
	at sun.reflect.NativeMethodAccessorImpl.invoke(NativeMethodAccessorImpl.java:62)
	at sun.reflect.DelegatingMethodAccessorImpl.invoke(DelegatingMethodAccessorImpl.java:43)
	at java.lang.reflect.Method.invoke(Method.java:497)
	at org.testng.internal.MethodInvocationHelper.invokeMethod(MethodInvocationHelper.java:108)
	at org.testng.internal.Invoker.invokeConfigurationMethod(Invoker.java:523)
	at org.testng.internal.Invoker.invokeConfigurations(Invoker.java:224)
	at org.testng.internal.Invoker.invokeMethod(Invoker.java:599)
	at org.testng.internal.Invoker.invokeTestMethod(Invoker.java:877)
	at org.testng.internal.Invoker.invokeTestMethods(Invoker.java:1201)
	at org.testng.internal.TestMethodWorker.invokeTestMethods(TestMethodWorker.java:125)
	at org.testng.internal.TestMethodWorker.run(TestMethodWorker.java:109)
	at org.testng.TestRunner.privateRun(TestRunner.java:776)
	at org.testng.TestRunner.run(TestRunner.java:634)
	at org.testng.SuiteRunner.runTest(SuiteRunner.java:425)
	at org.testng.SuiteRunner.runSequentially(SuiteRunner.java:420)
	at org.testng.SuiteRunner.privateRun(SuiteRunner.java:385)
	at org.testng.SuiteRunner.run(SuiteRunner.java:334)
	at org.testng.SuiteRunnerWorker.runSuite(SuiteRunnerWorker.java:52)
	at org.testng.SuiteRunnerWorker.run(SuiteRunnerWorker.java:86)
	at org.testng.TestNG.runSuitesSequentially(TestNG.java:1318)
	at org.testng.TestNG.runSuitesLocally(TestNG.java:1243)
	at org.testng.TestNG.runSuites(TestNG.java:1161)
	at org.testng.TestNG.run(TestNG.java:1129)
	at org.testng.remote.AbstractRemoteTestNG.run(AbstractRemoteTestNG.java:114)
	at org.testng.remote.RemoteTestNG.initAndRun(RemoteTestNG.java:251)
	at org.testng.remote.RemoteTestNG.main(RemoteTestNG.java:77)
]]>
            </full-stacktrace>
          </exception> <!-- org.openqa.selenium.remote.SessionNotFoundException -->
          <reporter-output>
          </reporter-output>
        </test-method> <!-- a_uploadAudio -->
        <test-method status="SKIP" signature="afterMethod()[pri:0, instance:com.eisoo.anysharetest.FullFuctionTest@610694f1]" name="afterMethod" is-config="true" duration-ms="0" started-at="2018-08-23T16:18:39Z" finished-at="2018-08-23T16:18:39Z">
          <reporter-output>
          </reporter-output>
        </test-method> <!-- afterMethod -->
        <test-method status="SKIP" signature="beforeMethod()[pri:0, instance:com.eisoo.anysharetest.FullFuctionTest@610694f1]" name="beforeMethod" is-config="true" duration-ms="0" started-at="2018-08-23T16:18:39Z" finished-at="2018-08-23T16:18:39Z">
          <reporter-output>
          </reporter-output>
        </test-method> <!-- beforeMethod -->
        <test-method status="SKIP" signature="a_uploadContinueVideo()[pri:0, instance:com.eisoo.anysharetest.FullFuctionTest@610694f1]" name="a_uploadContinueVideo" duration-ms="0" started-at="2018-08-23T16:18:39Z" finished-at="2018-08-23T16:18:39Z">
          <exception class="org.openqa.selenium.remote.SessionNotFoundException">
            <message>
              <![CDATA[A session is either terminated or not started (WARNING: The server did not provide any stacktrace information)
Command duration or timeout: 7 milliseconds
Build info: version: '2.53.0', revision: '35ae25b1534ae328c771e0856c93e187490ca824', time: '2016-03-15 10:43:46'
System info: host: 'VivideMacBook-Pro.local', ip: '192.168.51.66', os.name: 'Mac OS X', os.arch: 'x86_64', os.version: '10.13.2', java.version: '1.8.0_40'
Driver info: io.appium.java_client.android.AndroidDriver
Capabilities [{appPackage=com.eisoo.anyshare, deviceScreenSize=1080x1920, networkConnectionEnabled=true, noSign=true, warnings={}, databaseEnabled=false, deviceName=PBV0216526000628, platform=LINUX, MobileCapabilityType.AUTOMATION_NAME=Appium, deviceUDID=PBV0216526000628, appActivity=.AppStartActivity, desired={appPackage=com.eisoo.anyshare, appActivity=.AppStartActivity, noSign=true, platformVersion=7.0, unicodeKeyboard=true, sessionOverride=true, platformName=Android, deviceName=testyy, resetKeyboard=true, MobileCapabilityType.AUTOMATION_NAME=Appium}, platformVersion=7.0, webStorageEnabled=false, locationContextEnabled=false, takesScreenshot=true, javascriptEnabled=true, deviceModel=EVA-AL00, unicodeKeyboard=true, sessionOverride=true, platformName=Android, deviceManufacturer=HUAWEI, resetKeyboard=true}]
Session ID: 6069dc83-81b1-4598-b623-3c63e08ee465]]>
            </message>
            <full-stacktrace>
              <![CDATA[org.openqa.selenium.remote.SessionNotFoundException: A session is either terminated or not started (WARNING: The server did not provide any stacktrace information)
Command duration or timeout: 7 milliseconds
Build info: version: '2.53.0', revision: '35ae25b1534ae328c771e0856c93e187490ca824', time: '2016-03-15 10:43:46'
System info: host: 'VivideMacBook-Pro.local', ip: '192.168.51.66', os.name: 'Mac OS X', os.arch: 'x86_64', os.version: '10.13.2', java.version: '1.8.0_40'
Driver info: io.appium.java_client.android.AndroidDriver
Capabilities [{appPackage=com.eisoo.anyshare, deviceScreenSize=1080x1920, networkConnectionEnabled=true, noSign=true, warnings={}, databaseEnabled=false, deviceName=PBV0216526000628, platform=LINUX, MobileCapabilityType.AUTOMATION_NAME=Appium, deviceUDID=PBV0216526000628, appActivity=.AppStartActivity, desired={appPackage=com.eisoo.anyshare, appActivity=.AppStartActivity, noSign=true, platformVersion=7.0, unicodeKeyboard=true, sessionOverride=true, platformName=Android, deviceName=testyy, resetKeyboard=true, MobileCapabilityType.AUTOMATION_NAME=Appium}, platformVersion=7.0, webStorageEnabled=false, locationContextEnabled=false, takesScreenshot=true, javascriptEnabled=true, deviceModel=EVA-AL00, unicodeKeyboard=true, sessionOverride=true, platformName=Android, deviceManufacturer=HUAWEI, resetKeyboard=true}]
Session ID: 6069dc83-81b1-4598-b623-3c63e08ee465
	at sun.reflect.NativeConstructorAccessorImpl.newInstance0(Native Method)
	at sun.reflect.NativeConstructorAccessorImpl.newInstance(NativeConstructorAccessorImpl.java:62)
	at sun.reflect.DelegatingConstructorAccessorImpl.newInstance(DelegatingConstructorAccessorImpl.java:45)
	at java.lang.reflect.Constructor.newInstance(Constructor.java:422)
	at org.openqa.selenium.remote.ErrorHandler.createThrowable(ErrorHandler.java:206)
	at org.openqa.selenium.remote.ErrorHandler.throwIfResponseFailed(ErrorHandler.java:158)
	at org.openqa.selenium.remote.RemoteWebDriver.execute(RemoteWebDriver.java:678)
	at io.appium.java_client.DefaultGenericMobileDriver.execute(DefaultGenericMobileDriver.java:43)
	at io.appium.java_client.AppiumDriver.execute(AppiumDriver.java:1)
	at io.appium.java_client.android.AndroidDriver.execute(AndroidDriver.java:1)
	at io.appium.java_client.android.AndroidDriver.pressKeyCode(AndroidDriver.java:137)
	at com.eisoo.anysharetest.BaseTest.startAS(BaseTest.java:107)
	at com.eisoo.anysharetest.FullFuctionTest.beforeMethod(FullFuctionTest.java:40)
	at sun.reflect.NativeMethodAccessorImpl.invoke0(Native Method)
	at sun.reflect.NativeMethodAccessorImpl.invoke(NativeMethodAccessorImpl.java:62)
	at sun.reflect.DelegatingMethodAccessorImpl.invoke(DelegatingMethodAccessorImpl.java:43)
	at java.lang.reflect.Method.invoke(Method.java:497)
	at org.testng.internal.MethodInvocationHelper.invokeMethod(MethodInvocationHelper.java:108)
	at org.testng.internal.Invoker.invokeConfigurationMethod(Invoker.java:523)
	at org.testng.internal.Invoker.invokeConfigurations(Invoker.java:224)
	at org.testng.internal.Invoker.invokeMethod(Invoker.java:599)
	at org.testng.internal.Invoker.invokeTestMethod(Invoker.java:877)
	at org.testng.internal.Invoker.invokeTestMethods(Invoker.java:1201)
	at org.testng.internal.TestMethodWorker.invokeTestMethods(TestMethodWorker.java:125)
	at org.testng.internal.TestMethodWorker.run(TestMethodWorker.java:109)
	at org.testng.TestRunner.privateRun(TestRunner.java:776)
	at org.testng.TestRunner.run(TestRunner.java:634)
	at org.testng.SuiteRunner.runTest(SuiteRunner.java:425)
	at org.testng.SuiteRunner.runSequentially(SuiteRunner.java:420)
	at org.testng.SuiteRunner.privateRun(SuiteRunner.java:385)
	at org.testng.SuiteRunner.run(SuiteRunner.java:334)
	at org.testng.SuiteRunnerWorker.runSuite(SuiteRunnerWorker.java:52)
	at org.testng.SuiteRunnerWorker.run(SuiteRunnerWorker.java:86)
	at org.testng.TestNG.runSuitesSequentially(TestNG.java:1318)
	at org.testng.TestNG.runSuitesLocally(TestNG.java:1243)
	at org.testng.TestNG.runSuites(TestNG.java:1161)
	at org.testng.TestNG.run(TestNG.java:1129)
	at org.testng.remote.AbstractRemoteTestNG.run(AbstractRemoteTestNG.java:114)
	at org.testng.remote.RemoteTestNG.initAndRun(RemoteTestNG.java:251)
	at org.testng.remote.RemoteTestNG.main(RemoteTestNG.java:77)
]]>
            </full-stacktrace>
          </exception> <!-- org.openqa.selenium.remote.SessionNotFoundException -->
          <reporter-output>
          </reporter-output>
        </test-method> <!-- a_uploadContinueVideo -->
        <test-method status="SKIP" signature="afterMethod()[pri:0, instance:com.eisoo.anysharetest.FullFuctionTest@610694f1]" name="afterMethod" is-config="true" duration-ms="0" started-at="2018-08-23T16:18:39Z" finished-at="2018-08-23T16:18:39Z">
          <reporter-output>
          </reporter-output>
        </test-method> <!-- afterMethod -->
        <test-method status="SKIP" signature="a_uploadFile()[pri:0, instance:com.eisoo.anysharetest.FullFuctionTest@610694f1]" name="a_uploadFile" duration-ms="0" started-at="2018-08-23T16:18:39Z" finished-at="2018-08-23T16:18:39Z">
          <exception class="org.openqa.selenium.remote.SessionNotFoundException">
            <message>
              <![CDATA[A session is either terminated or not started (WARNING: The server did not provide any stacktrace information)
Command duration or timeout: 7 milliseconds
Build info: version: '2.53.0', revision: '35ae25b1534ae328c771e0856c93e187490ca824', time: '2016-03-15 10:43:46'
System info: host: 'VivideMacBook-Pro.local', ip: '192.168.51.66', os.name: 'Mac OS X', os.arch: 'x86_64', os.version: '10.13.2', java.version: '1.8.0_40'
Driver info: io.appium.java_client.android.AndroidDriver
Capabilities [{appPackage=com.eisoo.anyshare, deviceScreenSize=1080x1920, networkConnectionEnabled=true, noSign=true, warnings={}, databaseEnabled=false, deviceName=PBV0216526000628, platform=LINUX, MobileCapabilityType.AUTOMATION_NAME=Appium, deviceUDID=PBV0216526000628, appActivity=.AppStartActivity, desired={appPackage=com.eisoo.anyshare, appActivity=.AppStartActivity, noSign=true, platformVersion=7.0, unicodeKeyboard=true, sessionOverride=true, platformName=Android, deviceName=testyy, resetKeyboard=true, MobileCapabilityType.AUTOMATION_NAME=Appium}, platformVersion=7.0, webStorageEnabled=false, locationContextEnabled=false, takesScreenshot=true, javascriptEnabled=true, deviceModel=EVA-AL00, unicodeKeyboard=true, sessionOverride=true, platformName=Android, deviceManufacturer=HUAWEI, resetKeyboard=true}]
Session ID: 6069dc83-81b1-4598-b623-3c63e08ee465]]>
            </message>
            <full-stacktrace>
              <![CDATA[org.openqa.selenium.remote.SessionNotFoundException: A session is either terminated or not started (WARNING: The server did not provide any stacktrace information)
Command duration or timeout: 7 milliseconds
Build info: version: '2.53.0', revision: '35ae25b1534ae328c771e0856c93e187490ca824', time: '2016-03-15 10:43:46'
System info: host: 'VivideMacBook-Pro.local', ip: '192.168.51.66', os.name: 'Mac OS X', os.arch: 'x86_64', os.version: '10.13.2', java.version: '1.8.0_40'
Driver info: io.appium.java_client.android.AndroidDriver
Capabilities [{appPackage=com.eisoo.anyshare, deviceScreenSize=1080x1920, networkConnectionEnabled=true, noSign=true, warnings={}, databaseEnabled=false, deviceName=PBV0216526000628, platform=LINUX, MobileCapabilityType.AUTOMATION_NAME=Appium, deviceUDID=PBV0216526000628, appActivity=.AppStartActivity, desired={appPackage=com.eisoo.anyshare, appActivity=.AppStartActivity, noSign=true, platformVersion=7.0, unicodeKeyboard=true, sessionOverride=true, platformName=Android, deviceName=testyy, resetKeyboard=true, MobileCapabilityType.AUTOMATION_NAME=Appium}, platformVersion=7.0, webStorageEnabled=false, locationContextEnabled=false, takesScreenshot=true, javascriptEnabled=true, deviceModel=EVA-AL00, unicodeKeyboard=true, sessionOverride=true, platformName=Android, deviceManufacturer=HUAWEI, resetKeyboard=true}]
Session ID: 6069dc83-81b1-4598-b623-3c63e08ee465
	at sun.reflect.NativeConstructorAccessorImpl.newInstance0(Native Method)
	at sun.reflect.NativeConstructorAccessorImpl.newInstance(NativeConstructorAccessorImpl.java:62)
	at sun.reflect.DelegatingConstructorAccessorImpl.newInstance(DelegatingConstructorAccessorImpl.java:45)
	at java.lang.reflect.Constructor.newInstance(Constructor.java:422)
	at org.openqa.selenium.remote.ErrorHandler.createThrowable(ErrorHandler.java:206)
	at org.openqa.selenium.remote.ErrorHandler.throwIfResponseFailed(ErrorHandler.java:158)
	at org.openqa.selenium.remote.RemoteWebDriver.execute(RemoteWebDriver.java:678)
	at io.appium.java_client.DefaultGenericMobileDriver.execute(DefaultGenericMobileDriver.java:43)
	at io.appium.java_client.AppiumDriver.execute(AppiumDriver.java:1)
	at io.appium.java_client.android.AndroidDriver.execute(AndroidDriver.java:1)
	at io.appium.java_client.android.AndroidDriver.pressKeyCode(AndroidDriver.java:137)
	at com.eisoo.anysharetest.BaseTest.startAS(BaseTest.java:107)
	at com.eisoo.anysharetest.FullFuctionTest.beforeMethod(FullFuctionTest.java:40)
	at sun.reflect.NativeMethodAccessorImpl.invoke0(Native Method)
	at sun.reflect.NativeMethodAccessorImpl.invoke(NativeMethodAccessorImpl.java:62)
	at sun.reflect.DelegatingMethodAccessorImpl.invoke(DelegatingMethodAccessorImpl.java:43)
	at java.lang.reflect.Method.invoke(Method.java:497)
	at org.testng.internal.MethodInvocationHelper.invokeMethod(MethodInvocationHelper.java:108)
	at org.testng.internal.Invoker.invokeConfigurationMethod(Invoker.java:523)
	at org.testng.internal.Invoker.invokeConfigurations(Invoker.java:224)
	at org.testng.internal.Invoker.invokeMethod(Invoker.java:599)
	at org.testng.internal.Invoker.invokeTestMethod(Invoker.java:877)
	at org.testng.internal.Invoker.invokeTestMethods(Invoker.java:1201)
	at org.testng.internal.TestMethodWorker.invokeTestMethods(TestMethodWorker.java:125)
	at org.testng.internal.TestMethodWorker.run(TestMethodWorker.java:109)
	at org.testng.TestRunner.privateRun(TestRunner.java:776)
	at org.testng.TestRunner.run(TestRunner.java:634)
	at org.testng.SuiteRunner.runTest(SuiteRunner.java:425)
	at org.testng.SuiteRunner.runSequentially(SuiteRunner.java:420)
	at org.testng.SuiteRunner.privateRun(SuiteRunner.java:385)
	at org.testng.SuiteRunner.run(SuiteRunner.java:334)
	at org.testng.SuiteRunnerWorker.runSuite(SuiteRunnerWorker.java:52)
	at org.testng.SuiteRunnerWorker.run(SuiteRunnerWorker.java:86)
	at org.testng.TestNG.runSuitesSequentially(TestNG.java:1318)
	at org.testng.TestNG.runSuitesLocally(TestNG.java:1243)
	at org.testng.TestNG.runSuites(TestNG.java:1161)
	at org.testng.TestNG.run(TestNG.java:1129)
	at org.testng.remote.AbstractRemoteTestNG.run(AbstractRemoteTestNG.java:114)
	at org.testng.remote.RemoteTestNG.initAndRun(RemoteTestNG.java:251)
	at org.testng.remote.RemoteTestNG.main(RemoteTestNG.java:77)
]]>
            </full-stacktrace>
          </exception> <!-- org.openqa.selenium.remote.SessionNotFoundException -->
          <reporter-output>
          </reporter-output>
        </test-method> <!-- a_uploadFile -->
        <test-method status="SKIP" signature="beforeMethod()[pri:0, instance:com.eisoo.anysharetest.FullFuctionTest@610694f1]" name="beforeMethod" is-config="true" duration-ms="0" started-at="2018-08-23T16:18:39Z" finished-at="2018-08-23T16:18:39Z">
          <reporter-output>
          </reporter-output>
        </test-method> <!-- beforeMethod -->
        <test-method status="SKIP" signature="afterMethod()[pri:0, instance:com.eisoo.anysharetest.FullFuctionTest@610694f1]" name="afterMethod" is-config="true" duration-ms="0" started-at="2018-08-23T16:18:39Z" finished-at="2018-08-23T16:18:39Z">
          <reporter-output>
          </reporter-output>
        </test-method> <!-- afterMethod -->
        <test-method status="SKIP" signature="beforeMethod()[pri:0, instance:com.eisoo.anysharetest.FullFuctionTest@610694f1]" name="beforeMethod" is-config="true" duration-ms="0" started-at="2018-08-23T16:18:39Z" finished-at="2018-08-23T16:18:39Z">
          <reporter-output>
          </reporter-output>
        </test-method> <!-- beforeMethod -->
        <test-method status="SKIP" signature="a_uploadMulVideo()[pri:0, instance:com.eisoo.anysharetest.FullFuctionTest@610694f1]" name="a_uploadMulVideo" duration-ms="0" started-at="2018-08-23T16:18:39Z" finished-at="2018-08-23T16:18:39Z">
          <exception class="org.openqa.selenium.remote.SessionNotFoundException">
            <message>
              <![CDATA[A session is either terminated or not started (WARNING: The server did not provide any stacktrace information)
Command duration or timeout: 7 milliseconds
Build info: version: '2.53.0', revision: '35ae25b1534ae328c771e0856c93e187490ca824', time: '2016-03-15 10:43:46'
System info: host: 'VivideMacBook-Pro.local', ip: '192.168.51.66', os.name: 'Mac OS X', os.arch: 'x86_64', os.version: '10.13.2', java.version: '1.8.0_40'
Driver info: io.appium.java_client.android.AndroidDriver
Capabilities [{appPackage=com.eisoo.anyshare, deviceScreenSize=1080x1920, networkConnectionEnabled=true, noSign=true, warnings={}, databaseEnabled=false, deviceName=PBV0216526000628, platform=LINUX, MobileCapabilityType.AUTOMATION_NAME=Appium, deviceUDID=PBV0216526000628, appActivity=.AppStartActivity, desired={appPackage=com.eisoo.anyshare, appActivity=.AppStartActivity, noSign=true, platformVersion=7.0, unicodeKeyboard=true, sessionOverride=true, platformName=Android, deviceName=testyy, resetKeyboard=true, MobileCapabilityType.AUTOMATION_NAME=Appium}, platformVersion=7.0, webStorageEnabled=false, locationContextEnabled=false, takesScreenshot=true, javascriptEnabled=true, deviceModel=EVA-AL00, unicodeKeyboard=true, sessionOverride=true, platformName=Android, deviceManufacturer=HUAWEI, resetKeyboard=true}]
Session ID: 6069dc83-81b1-4598-b623-3c63e08ee465]]>
            </message>
            <full-stacktrace>
              <![CDATA[org.openqa.selenium.remote.SessionNotFoundException: A session is either terminated or not started (WARNING: The server did not provide any stacktrace information)
Command duration or timeout: 7 milliseconds
Build info: version: '2.53.0', revision: '35ae25b1534ae328c771e0856c93e187490ca824', time: '2016-03-15 10:43:46'
System info: host: 'VivideMacBook-Pro.local', ip: '192.168.51.66', os.name: 'Mac OS X', os.arch: 'x86_64', os.version: '10.13.2', java.version: '1.8.0_40'
Driver info: io.appium.java_client.android.AndroidDriver
Capabilities [{appPackage=com.eisoo.anyshare, deviceScreenSize=1080x1920, networkConnectionEnabled=true, noSign=true, warnings={}, databaseEnabled=false, deviceName=PBV0216526000628, platform=LINUX, MobileCapabilityType.AUTOMATION_NAME=Appium, deviceUDID=PBV0216526000628, appActivity=.AppStartActivity, desired={appPackage=com.eisoo.anyshare, appActivity=.AppStartActivity, noSign=true, platformVersion=7.0, unicodeKeyboard=true, sessionOverride=true, platformName=Android, deviceName=testyy, resetKeyboard=true, MobileCapabilityType.AUTOMATION_NAME=Appium}, platformVersion=7.0, webStorageEnabled=false, locationContextEnabled=false, takesScreenshot=true, javascriptEnabled=true, deviceModel=EVA-AL00, unicodeKeyboard=true, sessionOverride=true, platformName=Android, deviceManufacturer=HUAWEI, resetKeyboard=true}]
Session ID: 6069dc83-81b1-4598-b623-3c63e08ee465
	at sun.reflect.NativeConstructorAccessorImpl.newInstance0(Native Method)
	at sun.reflect.NativeConstructorAccessorImpl.newInstance(NativeConstructorAccessorImpl.java:62)
	at sun.reflect.DelegatingConstructorAccessorImpl.newInstance(DelegatingConstructorAccessorImpl.java:45)
	at java.lang.reflect.Constructor.newInstance(Constructor.java:422)
	at org.openqa.selenium.remote.ErrorHandler.createThrowable(ErrorHandler.java:206)
	at org.openqa.selenium.remote.ErrorHandler.throwIfResponseFailed(ErrorHandler.java:158)
	at org.openqa.selenium.remote.RemoteWebDriver.execute(RemoteWebDriver.java:678)
	at io.appium.java_client.DefaultGenericMobileDriver.execute(DefaultGenericMobileDriver.java:43)
	at io.appium.java_client.AppiumDriver.execute(AppiumDriver.java:1)
	at io.appium.java_client.android.AndroidDriver.execute(AndroidDriver.java:1)
	at io.appium.java_client.android.AndroidDriver.pressKeyCode(AndroidDriver.java:137)
	at com.eisoo.anysharetest.BaseTest.startAS(BaseTest.java:107)
	at com.eisoo.anysharetest.FullFuctionTest.beforeMethod(FullFuctionTest.java:40)
	at sun.reflect.NativeMethodAccessorImpl.invoke0(Native Method)
	at sun.reflect.NativeMethodAccessorImpl.invoke(NativeMethodAccessorImpl.java:62)
	at sun.reflect.DelegatingMethodAccessorImpl.invoke(DelegatingMethodAccessorImpl.java:43)
	at java.lang.reflect.Method.invoke(Method.java:497)
	at org.testng.internal.MethodInvocationHelper.invokeMethod(MethodInvocationHelper.java:108)
	at org.testng.internal.Invoker.invokeConfigurationMethod(Invoker.java:523)
	at org.testng.internal.Invoker.invokeConfigurations(Invoker.java:224)
	at org.testng.internal.Invoker.invokeMethod(Invoker.java:599)
	at org.testng.internal.Invoker.invokeTestMethod(Invoker.java:877)
	at org.testng.internal.Invoker.invokeTestMethods(Invoker.java:1201)
	at org.testng.internal.TestMethodWorker.invokeTestMethods(TestMethodWorker.java:125)
	at org.testng.internal.TestMethodWorker.run(TestMethodWorker.java:109)
	at org.testng.TestRunner.privateRun(TestRunner.java:776)
	at org.testng.TestRunner.run(TestRunner.java:634)
	at org.testng.SuiteRunner.runTest(SuiteRunner.java:425)
	at org.testng.SuiteRunner.runSequentially(SuiteRunner.java:420)
	at org.testng.SuiteRunner.privateRun(SuiteRunner.java:385)
	at org.testng.SuiteRunner.run(SuiteRunner.java:334)
	at org.testng.SuiteRunnerWorker.runSuite(SuiteRunnerWorker.java:52)
	at org.testng.SuiteRunnerWorker.run(SuiteRunnerWorker.java:86)
	at org.testng.TestNG.runSuitesSequentially(TestNG.java:1318)
	at org.testng.TestNG.runSuitesLocally(TestNG.java:1243)
	at org.testng.TestNG.runSuites(TestNG.java:1161)
	at org.testng.TestNG.run(TestNG.java:1129)
	at org.testng.remote.AbstractRemoteTestNG.run(AbstractRemoteTestNG.java:114)
	at org.testng.remote.RemoteTestNG.initAndRun(RemoteTestNG.java:251)
	at org.testng.remote.RemoteTestNG.main(RemoteTestNG.java:77)
]]>
            </full-stacktrace>
          </exception> <!-- org.openqa.selenium.remote.SessionNotFoundException -->
          <reporter-output>
          </reporter-output>
        </test-method> <!-- a_uploadMulVideo -->
        <test-method status="SKIP" signature="afterMethod()[pri:0, instance:com.eisoo.anysharetest.FullFuctionTest@610694f1]" name="afterMethod" is-config="true" duration-ms="0" started-at="2018-08-23T16:18:39Z" finished-at="2018-08-23T16:18:39Z">
          <reporter-output>
          </reporter-output>
        </test-method> <!-- afterMethod -->
        <test-method status="SKIP" signature="beforeMethod()[pri:0, instance:com.eisoo.anysharetest.FullFuctionTest@610694f1]" name="beforeMethod" is-config="true" duration-ms="0" started-at="2018-08-23T16:18:39Z" finished-at="2018-08-23T16:18:39Z">
          <reporter-output>
          </reporter-output>
        </test-method> <!-- beforeMethod -->
        <test-method status="SKIP" signature="a_uploadNoPermission()[pri:0, instance:com.eisoo.anysharetest.FullFuctionTest@610694f1]" name="a_uploadNoPermission" duration-ms="0" started-at="2018-08-23T16:18:39Z" finished-at="2018-08-23T16:18:39Z">
          <exception class="org.openqa.selenium.remote.SessionNotFoundException">
            <message>
              <![CDATA[A session is either terminated or not started (WARNING: The server did not provide any stacktrace information)
Command duration or timeout: 7 milliseconds
Build info: version: '2.53.0', revision: '35ae25b1534ae328c771e0856c93e187490ca824', time: '2016-03-15 10:43:46'
System info: host: 'VivideMacBook-Pro.local', ip: '192.168.51.66', os.name: 'Mac OS X', os.arch: 'x86_64', os.version: '10.13.2', java.version: '1.8.0_40'
Driver info: io.appium.java_client.android.AndroidDriver
Capabilities [{appPackage=com.eisoo.anyshare, deviceScreenSize=1080x1920, networkConnectionEnabled=true, noSign=true, warnings={}, databaseEnabled=false, deviceName=PBV0216526000628, platform=LINUX, MobileCapabilityType.AUTOMATION_NAME=Appium, deviceUDID=PBV0216526000628, appActivity=.AppStartActivity, desired={appPackage=com.eisoo.anyshare, appActivity=.AppStartActivity, noSign=true, platformVersion=7.0, unicodeKeyboard=true, sessionOverride=true, platformName=Android, deviceName=testyy, resetKeyboard=true, MobileCapabilityType.AUTOMATION_NAME=Appium}, platformVersion=7.0, webStorageEnabled=false, locationContextEnabled=false, takesScreenshot=true, javascriptEnabled=true, deviceModel=EVA-AL00, unicodeKeyboard=true, sessionOverride=true, platformName=Android, deviceManufacturer=HUAWEI, resetKeyboard=true}]
Session ID: 6069dc83-81b1-4598-b623-3c63e08ee465]]>
            </message>
            <full-stacktrace>
              <![CDATA[org.openqa.selenium.remote.SessionNotFoundException: A session is either terminated or not started (WARNING: The server did not provide any stacktrace information)
Command duration or timeout: 7 milliseconds
Build info: version: '2.53.0', revision: '35ae25b1534ae328c771e0856c93e187490ca824', time: '2016-03-15 10:43:46'
System info: host: 'VivideMacBook-Pro.local', ip: '192.168.51.66', os.name: 'Mac OS X', os.arch: 'x86_64', os.version: '10.13.2', java.version: '1.8.0_40'
Driver info: io.appium.java_client.android.AndroidDriver
Capabilities [{appPackage=com.eisoo.anyshare, deviceScreenSize=1080x1920, networkConnectionEnabled=true, noSign=true, warnings={}, databaseEnabled=false, deviceName=PBV0216526000628, platform=LINUX, MobileCapabilityType.AUTOMATION_NAME=Appium, deviceUDID=PBV0216526000628, appActivity=.AppStartActivity, desired={appPackage=com.eisoo.anyshare, appActivity=.AppStartActivity, noSign=true, platformVersion=7.0, unicodeKeyboard=true, sessionOverride=true, platformName=Android, deviceName=testyy, resetKeyboard=true, MobileCapabilityType.AUTOMATION_NAME=Appium}, platformVersion=7.0, webStorageEnabled=false, locationContextEnabled=false, takesScreenshot=true, javascriptEnabled=true, deviceModel=EVA-AL00, unicodeKeyboard=true, sessionOverride=true, platformName=Android, deviceManufacturer=HUAWEI, resetKeyboard=true}]
Session ID: 6069dc83-81b1-4598-b623-3c63e08ee465
	at sun.reflect.NativeConstructorAccessorImpl.newInstance0(Native Method)
	at sun.reflect.NativeConstructorAccessorImpl.newInstance(NativeConstructorAccessorImpl.java:62)
	at sun.reflect.DelegatingConstructorAccessorImpl.newInstance(DelegatingConstructorAccessorImpl.java:45)
	at java.lang.reflect.Constructor.newInstance(Constructor.java:422)
	at org.openqa.selenium.remote.ErrorHandler.createThrowable(ErrorHandler.java:206)
	at org.openqa.selenium.remote.ErrorHandler.throwIfResponseFailed(ErrorHandler.java:158)
	at org.openqa.selenium.remote.RemoteWebDriver.execute(RemoteWebDriver.java:678)
	at io.appium.java_client.DefaultGenericMobileDriver.execute(DefaultGenericMobileDriver.java:43)
	at io.appium.java_client.AppiumDriver.execute(AppiumDriver.java:1)
	at io.appium.java_client.android.AndroidDriver.execute(AndroidDriver.java:1)
	at io.appium.java_client.android.AndroidDriver.pressKeyCode(AndroidDriver.java:137)
	at com.eisoo.anysharetest.BaseTest.startAS(BaseTest.java:107)
	at com.eisoo.anysharetest.FullFuctionTest.beforeMethod(FullFuctionTest.java:40)
	at sun.reflect.NativeMethodAccessorImpl.invoke0(Native Method)
	at sun.reflect.NativeMethodAccessorImpl.invoke(NativeMethodAccessorImpl.java:62)
	at sun.reflect.DelegatingMethodAccessorImpl.invoke(DelegatingMethodAccessorImpl.java:43)
	at java.lang.reflect.Method.invoke(Method.java:497)
	at org.testng.internal.MethodInvocationHelper.invokeMethod(MethodInvocationHelper.java:108)
	at org.testng.internal.Invoker.invokeConfigurationMethod(Invoker.java:523)
	at org.testng.internal.Invoker.invokeConfigurations(Invoker.java:224)
	at org.testng.internal.Invoker.invokeMethod(Invoker.java:599)
	at org.testng.internal.Invoker.invokeTestMethod(Invoker.java:877)
	at org.testng.internal.Invoker.invokeTestMethods(Invoker.java:1201)
	at org.testng.internal.TestMethodWorker.invokeTestMethods(TestMethodWorker.java:125)
	at org.testng.internal.TestMethodWorker.run(TestMethodWorker.java:109)
	at org.testng.TestRunner.privateRun(TestRunner.java:776)
	at org.testng.TestRunner.run(TestRunner.java:634)
	at org.testng.SuiteRunner.runTest(SuiteRunner.java:425)
	at org.testng.SuiteRunner.runSequentially(SuiteRunner.java:420)
	at org.testng.SuiteRunner.privateRun(SuiteRunner.java:385)
	at org.testng.SuiteRunner.run(SuiteRunner.java:334)
	at org.testng.SuiteRunnerWorker.runSuite(SuiteRunnerWorker.java:52)
	at org.testng.SuiteRunnerWorker.run(SuiteRunnerWorker.java:86)
	at org.testng.TestNG.runSuitesSequentially(TestNG.java:1318)
	at org.testng.TestNG.runSuitesLocally(TestNG.java:1243)
	at org.testng.TestNG.runSuites(TestNG.java:1161)
	at org.testng.TestNG.run(TestNG.java:1129)
	at org.testng.remote.AbstractRemoteTestNG.run(AbstractRemoteTestNG.java:114)
	at org.testng.remote.RemoteTestNG.initAndRun(RemoteTestNG.java:251)
	at org.testng.remote.RemoteTestNG.main(RemoteTestNG.java:77)
]]>
            </full-stacktrace>
          </exception> <!-- org.openqa.selenium.remote.SessionNotFoundException -->
          <reporter-output>
          </reporter-output>
        </test-method> <!-- a_uploadNoPermission -->
        <test-method status="SKIP" signature="afterMethod()[pri:0, instance:com.eisoo.anysharetest.FullFuctionTest@610694f1]" name="afterMethod" is-config="true" duration-ms="0" started-at="2018-08-23T16:18:39Z" finished-at="2018-08-23T16:18:39Z">
          <reporter-output>
          </reporter-output>
        </test-method> <!-- afterMethod -->
        <test-method status="SKIP" signature="beforeMethod()[pri:0, instance:com.eisoo.anysharetest.FullFuctionTest@610694f1]" name="beforeMethod" is-config="true" duration-ms="0" started-at="2018-08-23T16:18:39Z" finished-at="2018-08-23T16:18:39Z">
          <reporter-output>
          </reporter-output>
        </test-method> <!-- beforeMethod -->
        <test-method status="SKIP" signature="a_uploadNoWifi()[pri:0, instance:com.eisoo.anysharetest.FullFuctionTest@610694f1]" name="a_uploadNoWifi" duration-ms="0" started-at="2018-08-23T16:18:39Z" finished-at="2018-08-23T16:18:39Z">
          <exception class="org.openqa.selenium.remote.SessionNotFoundException">
            <message>
              <![CDATA[A session is either terminated or not started (WARNING: The server did not provide any stacktrace information)
Command duration or timeout: 7 milliseconds
Build info: version: '2.53.0', revision: '35ae25b1534ae328c771e0856c93e187490ca824', time: '2016-03-15 10:43:46'
System info: host: 'VivideMacBook-Pro.local', ip: '192.168.51.66', os.name: 'Mac OS X', os.arch: 'x86_64', os.version: '10.13.2', java.version: '1.8.0_40'
Driver info: io.appium.java_client.android.AndroidDriver
Capabilities [{appPackage=com.eisoo.anyshare, deviceScreenSize=1080x1920, networkConnectionEnabled=true, noSign=true, warnings={}, databaseEnabled=false, deviceName=PBV0216526000628, platform=LINUX, MobileCapabilityType.AUTOMATION_NAME=Appium, deviceUDID=PBV0216526000628, appActivity=.AppStartActivity, desired={appPackage=com.eisoo.anyshare, appActivity=.AppStartActivity, noSign=true, platformVersion=7.0, unicodeKeyboard=true, sessionOverride=true, platformName=Android, deviceName=testyy, resetKeyboard=true, MobileCapabilityType.AUTOMATION_NAME=Appium}, platformVersion=7.0, webStorageEnabled=false, locationContextEnabled=false, takesScreenshot=true, javascriptEnabled=true, deviceModel=EVA-AL00, unicodeKeyboard=true, sessionOverride=true, platformName=Android, deviceManufacturer=HUAWEI, resetKeyboard=true}]
Session ID: 6069dc83-81b1-4598-b623-3c63e08ee465]]>
            </message>
            <full-stacktrace>
              <![CDATA[org.openqa.selenium.remote.SessionNotFoundException: A session is either terminated or not started (WARNING: The server did not provide any stacktrace information)
Command duration or timeout: 7 milliseconds
Build info: version: '2.53.0', revision: '35ae25b1534ae328c771e0856c93e187490ca824', time: '2016-03-15 10:43:46'
System info: host: 'VivideMacBook-Pro.local', ip: '192.168.51.66', os.name: 'Mac OS X', os.arch: 'x86_64', os.version: '10.13.2', java.version: '1.8.0_40'
Driver info: io.appium.java_client.android.AndroidDriver
Capabilities [{appPackage=com.eisoo.anyshare, deviceScreenSize=1080x1920, networkConnectionEnabled=true, noSign=true, warnings={}, databaseEnabled=false, deviceName=PBV0216526000628, platform=LINUX, MobileCapabilityType.AUTOMATION_NAME=Appium, deviceUDID=PBV0216526000628, appActivity=.AppStartActivity, desired={appPackage=com.eisoo.anyshare, appActivity=.AppStartActivity, noSign=true, platformVersion=7.0, unicodeKeyboard=true, sessionOverride=true, platformName=Android, deviceName=testyy, resetKeyboard=true, MobileCapabilityType.AUTOMATION_NAME=Appium}, platformVersion=7.0, webStorageEnabled=false, locationContextEnabled=false, takesScreenshot=true, javascriptEnabled=true, deviceModel=EVA-AL00, unicodeKeyboard=true, sessionOverride=true, platformName=Android, deviceManufacturer=HUAWEI, resetKeyboard=true}]
Session ID: 6069dc83-81b1-4598-b623-3c63e08ee465
	at sun.reflect.NativeConstructorAccessorImpl.newInstance0(Native Method)
	at sun.reflect.NativeConstructorAccessorImpl.newInstance(NativeConstructorAccessorImpl.java:62)
	at sun.reflect.DelegatingConstructorAccessorImpl.newInstance(DelegatingConstructorAccessorImpl.java:45)
	at java.lang.reflect.Constructor.newInstance(Constructor.java:422)
	at org.openqa.selenium.remote.ErrorHandler.createThrowable(ErrorHandler.java:206)
	at org.openqa.selenium.remote.ErrorHandler.throwIfResponseFailed(ErrorHandler.java:158)
	at org.openqa.selenium.remote.RemoteWebDriver.execute(RemoteWebDriver.java:678)
	at io.appium.java_client.DefaultGenericMobileDriver.execute(DefaultGenericMobileDriver.java:43)
	at io.appium.java_client.AppiumDriver.execute(AppiumDriver.java:1)
	at io.appium.java_client.android.AndroidDriver.execute(AndroidDriver.java:1)
	at io.appium.java_client.android.AndroidDriver.pressKeyCode(AndroidDriver.java:137)
	at com.eisoo.anysharetest.BaseTest.startAS(BaseTest.java:107)
	at com.eisoo.anysharetest.FullFuctionTest.beforeMethod(FullFuctionTest.java:40)
	at sun.reflect.NativeMethodAccessorImpl.invoke0(Native Method)
	at sun.reflect.NativeMethodAccessorImpl.invoke(NativeMethodAccessorImpl.java:62)
	at sun.reflect.DelegatingMethodAccessorImpl.invoke(DelegatingMethodAccessorImpl.java:43)
	at java.lang.reflect.Method.invoke(Method.java:497)
	at org.testng.internal.MethodInvocationHelper.invokeMethod(MethodInvocationHelper.java:108)
	at org.testng.internal.Invoker.invokeConfigurationMethod(Invoker.java:523)
	at org.testng.internal.Invoker.invokeConfigurations(Invoker.java:224)
	at org.testng.internal.Invoker.invokeMethod(Invoker.java:599)
	at org.testng.internal.Invoker.invokeTestMethod(Invoker.java:877)
	at org.testng.internal.Invoker.invokeTestMethods(Invoker.java:1201)
	at org.testng.internal.TestMethodWorker.invokeTestMethods(TestMethodWorker.java:125)
	at org.testng.internal.TestMethodWorker.run(TestMethodWorker.java:109)
	at org.testng.TestRunner.privateRun(TestRunner.java:776)
	at org.testng.TestRunner.run(TestRunner.java:634)
	at org.testng.SuiteRunner.runTest(SuiteRunner.java:425)
	at org.testng.SuiteRunner.runSequentially(SuiteRunner.java:420)
	at org.testng.SuiteRunner.privateRun(SuiteRunner.java:385)
	at org.testng.SuiteRunner.run(SuiteRunner.java:334)
	at org.testng.SuiteRunnerWorker.runSuite(SuiteRunnerWorker.java:52)
	at org.testng.SuiteRunnerWorker.run(SuiteRunnerWorker.java:86)
	at org.testng.TestNG.runSuitesSequentially(TestNG.java:1318)
	at org.testng.TestNG.runSuitesLocally(TestNG.java:1243)
	at org.testng.TestNG.runSuites(TestNG.java:1161)
	at org.testng.TestNG.run(TestNG.java:1129)
	at org.testng.remote.AbstractRemoteTestNG.run(AbstractRemoteTestNG.java:114)
	at org.testng.remote.RemoteTestNG.initAndRun(RemoteTestNG.java:251)
	at org.testng.remote.RemoteTestNG.main(RemoteTestNG.java:77)
]]>
            </full-stacktrace>
          </exception> <!-- org.openqa.selenium.remote.SessionNotFoundException -->
          <reporter-output>
          </reporter-output>
        </test-method> <!-- a_uploadNoWifi -->
        <test-method status="SKIP" signature="afterMethod()[pri:0, instance:com.eisoo.anysharetest.FullFuctionTest@610694f1]" name="afterMethod" is-config="true" duration-ms="0" started-at="2018-08-23T16:18:39Z" finished-at="2018-08-23T16:18:39Z">
          <reporter-output>
          </reporter-output>
        </test-method> <!-- afterMethod -->
        <test-method status="SKIP" signature="beforeMethod()[pri:0, instance:com.eisoo.anysharetest.FullFuctionTest@610694f1]" name="beforeMethod" is-config="true" duration-ms="0" started-at="2018-08-23T16:18:39Z" finished-at="2018-08-23T16:18:39Z">
          <reporter-output>
          </reporter-output>
        </test-method> <!-- beforeMethod -->
        <test-method status="SKIP" signature="a_uploadPauseVideo()[pri:0, instance:com.eisoo.anysharetest.FullFuctionTest@610694f1]" name="a_uploadPauseVideo" duration-ms="0" started-at="2018-08-23T16:18:39Z" finished-at="2018-08-23T16:18:39Z">
          <exception class="org.openqa.selenium.remote.SessionNotFoundException">
            <message>
              <![CDATA[A session is either terminated or not started (WARNING: The server did not provide any stacktrace information)
Command duration or timeout: 7 milliseconds
Build info: version: '2.53.0', revision: '35ae25b1534ae328c771e0856c93e187490ca824', time: '2016-03-15 10:43:46'
System info: host: 'VivideMacBook-Pro.local', ip: '192.168.51.66', os.name: 'Mac OS X', os.arch: 'x86_64', os.version: '10.13.2', java.version: '1.8.0_40'
Driver info: io.appium.java_client.android.AndroidDriver
Capabilities [{appPackage=com.eisoo.anyshare, deviceScreenSize=1080x1920, networkConnectionEnabled=true, noSign=true, warnings={}, databaseEnabled=false, deviceName=PBV0216526000628, platform=LINUX, MobileCapabilityType.AUTOMATION_NAME=Appium, deviceUDID=PBV0216526000628, appActivity=.AppStartActivity, desired={appPackage=com.eisoo.anyshare, appActivity=.AppStartActivity, noSign=true, platformVersion=7.0, unicodeKeyboard=true, sessionOverride=true, platformName=Android, deviceName=testyy, resetKeyboard=true, MobileCapabilityType.AUTOMATION_NAME=Appium}, platformVersion=7.0, webStorageEnabled=false, locationContextEnabled=false, takesScreenshot=true, javascriptEnabled=true, deviceModel=EVA-AL00, unicodeKeyboard=true, sessionOverride=true, platformName=Android, deviceManufacturer=HUAWEI, resetKeyboard=true}]
Session ID: 6069dc83-81b1-4598-b623-3c63e08ee465]]>
            </message>
            <full-stacktrace>
              <![CDATA[org.openqa.selenium.remote.SessionNotFoundException: A session is either terminated or not started (WARNING: The server did not provide any stacktrace information)
Command duration or timeout: 7 milliseconds
Build info: version: '2.53.0', revision: '35ae25b1534ae328c771e0856c93e187490ca824', time: '2016-03-15 10:43:46'
System info: host: 'VivideMacBook-Pro.local', ip: '192.168.51.66', os.name: 'Mac OS X', os.arch: 'x86_64', os.version: '10.13.2', java.version: '1.8.0_40'
Driver info: io.appium.java_client.android.AndroidDriver
Capabilities [{appPackage=com.eisoo.anyshare, deviceScreenSize=1080x1920, networkConnectionEnabled=true, noSign=true, warnings={}, databaseEnabled=false, deviceName=PBV0216526000628, platform=LINUX, MobileCapabilityType.AUTOMATION_NAME=Appium, deviceUDID=PBV0216526000628, appActivity=.AppStartActivity, desired={appPackage=com.eisoo.anyshare, appActivity=.AppStartActivity, noSign=true, platformVersion=7.0, unicodeKeyboard=true, sessionOverride=true, platformName=Android, deviceName=testyy, resetKeyboard=true, MobileCapabilityType.AUTOMATION_NAME=Appium}, platformVersion=7.0, webStorageEnabled=false, locationContextEnabled=false, takesScreenshot=true, javascriptEnabled=true, deviceModel=EVA-AL00, unicodeKeyboard=true, sessionOverride=true, platformName=Android, deviceManufacturer=HUAWEI, resetKeyboard=true}]
Session ID: 6069dc83-81b1-4598-b623-3c63e08ee465
	at sun.reflect.NativeConstructorAccessorImpl.newInstance0(Native Method)
	at sun.reflect.NativeConstructorAccessorImpl.newInstance(NativeConstructorAccessorImpl.java:62)
	at sun.reflect.DelegatingConstructorAccessorImpl.newInstance(DelegatingConstructorAccessorImpl.java:45)
	at java.lang.reflect.Constructor.newInstance(Constructor.java:422)
	at org.openqa.selenium.remote.ErrorHandler.createThrowable(ErrorHandler.java:206)
	at org.openqa.selenium.remote.ErrorHandler.throwIfResponseFailed(ErrorHandler.java:158)
	at org.openqa.selenium.remote.RemoteWebDriver.execute(RemoteWebDriver.java:678)
	at io.appium.java_client.DefaultGenericMobileDriver.execute(DefaultGenericMobileDriver.java:43)
	at io.appium.java_client.AppiumDriver.execute(AppiumDriver.java:1)
	at io.appium.java_client.android.AndroidDriver.execute(AndroidDriver.java:1)
	at io.appium.java_client.android.AndroidDriver.pressKeyCode(AndroidDriver.java:137)
	at com.eisoo.anysharetest.BaseTest.startAS(BaseTest.java:107)
	at com.eisoo.anysharetest.FullFuctionTest.beforeMethod(FullFuctionTest.java:40)
	at sun.reflect.NativeMethodAccessorImpl.invoke0(Native Method)
	at sun.reflect.NativeMethodAccessorImpl.invoke(NativeMethodAccessorImpl.java:62)
	at sun.reflect.DelegatingMethodAccessorImpl.invoke(DelegatingMethodAccessorImpl.java:43)
	at java.lang.reflect.Method.invoke(Method.java:497)
	at org.testng.internal.MethodInvocationHelper.invokeMethod(MethodInvocationHelper.java:108)
	at org.testng.internal.Invoker.invokeConfigurationMethod(Invoker.java:523)
	at org.testng.internal.Invoker.invokeConfigurations(Invoker.java:224)
	at org.testng.internal.Invoker.invokeMethod(Invoker.java:599)
	at org.testng.internal.Invoker.invokeTestMethod(Invoker.java:877)
	at org.testng.internal.Invoker.invokeTestMethods(Invoker.java:1201)
	at org.testng.internal.TestMethodWorker.invokeTestMethods(TestMethodWorker.java:125)
	at org.testng.internal.TestMethodWorker.run(TestMethodWorker.java:109)
	at org.testng.TestRunner.privateRun(TestRunner.java:776)
	at org.testng.TestRunner.run(TestRunner.java:634)
	at org.testng.SuiteRunner.runTest(SuiteRunner.java:425)
	at org.testng.SuiteRunner.runSequentially(SuiteRunner.java:420)
	at org.testng.SuiteRunner.privateRun(SuiteRunner.java:385)
	at org.testng.SuiteRunner.run(SuiteRunner.java:334)
	at org.testng.SuiteRunnerWorker.runSuite(SuiteRunnerWorker.java:52)
	at org.testng.SuiteRunnerWorker.run(SuiteRunnerWorker.java:86)
	at org.testng.TestNG.runSuitesSequentially(TestNG.java:1318)
	at org.testng.TestNG.runSuitesLocally(TestNG.java:1243)
	at org.testng.TestNG.runSuites(TestNG.java:1161)
	at org.testng.TestNG.run(TestNG.java:1129)
	at org.testng.remote.AbstractRemoteTestNG.run(AbstractRemoteTestNG.java:114)
	at org.testng.remote.RemoteTestNG.initAndRun(RemoteTestNG.java:251)
	at org.testng.remote.RemoteTestNG.main(RemoteTestNG.java:77)
]]>
            </full-stacktrace>
          </exception> <!-- org.openqa.selenium.remote.SessionNotFoundException -->
          <reporter-output>
          </reporter-output>
        </test-method> <!-- a_uploadPauseVideo -->
        <test-method status="SKIP" signature="afterMethod()[pri:0, instance:com.eisoo.anysharetest.FullFuctionTest@610694f1]" name="afterMethod" is-config="true" duration-ms="0" started-at="2018-08-23T16:18:39Z" finished-at="2018-08-23T16:18:39Z">
          <reporter-output>
          </reporter-output>
        </test-method> <!-- afterMethod -->
        <test-method status="SKIP" signature="beforeMethod()[pri:0, instance:com.eisoo.anysharetest.FullFuctionTest@610694f1]" name="beforeMethod" is-config="true" duration-ms="0" started-at="2018-08-23T16:18:39Z" finished-at="2018-08-23T16:18:39Z">
          <reporter-output>
          </reporter-output>
        </test-method> <!-- beforeMethod -->
        <test-method status="SKIP" signature="a_uploadPics()[pri:0, instance:com.eisoo.anysharetest.FullFuctionTest@610694f1]" name="a_uploadPics" duration-ms="0" started-at="2018-08-23T16:18:39Z" finished-at="2018-08-23T16:18:39Z">
          <exception class="org.openqa.selenium.remote.SessionNotFoundException">
            <message>
              <![CDATA[A session is either terminated or not started (WARNING: The server did not provide any stacktrace information)
Command duration or timeout: 7 milliseconds
Build info: version: '2.53.0', revision: '35ae25b1534ae328c771e0856c93e187490ca824', time: '2016-03-15 10:43:46'
System info: host: 'VivideMacBook-Pro.local', ip: '192.168.51.66', os.name: 'Mac OS X', os.arch: 'x86_64', os.version: '10.13.2', java.version: '1.8.0_40'
Driver info: io.appium.java_client.android.AndroidDriver
Capabilities [{appPackage=com.eisoo.anyshare, deviceScreenSize=1080x1920, networkConnectionEnabled=true, noSign=true, warnings={}, databaseEnabled=false, deviceName=PBV0216526000628, platform=LINUX, MobileCapabilityType.AUTOMATION_NAME=Appium, deviceUDID=PBV0216526000628, appActivity=.AppStartActivity, desired={appPackage=com.eisoo.anyshare, appActivity=.AppStartActivity, noSign=true, platformVersion=7.0, unicodeKeyboard=true, sessionOverride=true, platformName=Android, deviceName=testyy, resetKeyboard=true, MobileCapabilityType.AUTOMATION_NAME=Appium}, platformVersion=7.0, webStorageEnabled=false, locationContextEnabled=false, takesScreenshot=true, javascriptEnabled=true, deviceModel=EVA-AL00, unicodeKeyboard=true, sessionOverride=true, platformName=Android, deviceManufacturer=HUAWEI, resetKeyboard=true}]
Session ID: 6069dc83-81b1-4598-b623-3c63e08ee465]]>
            </message>
            <full-stacktrace>
              <![CDATA[org.openqa.selenium.remote.SessionNotFoundException: A session is either terminated or not started (WARNING: The server did not provide any stacktrace information)
Command duration or timeout: 7 milliseconds
Build info: version: '2.53.0', revision: '35ae25b1534ae328c771e0856c93e187490ca824', time: '2016-03-15 10:43:46'
System info: host: 'VivideMacBook-Pro.local', ip: '192.168.51.66', os.name: 'Mac OS X', os.arch: 'x86_64', os.version: '10.13.2', java.version: '1.8.0_40'
Driver info: io.appium.java_client.android.AndroidDriver
Capabilities [{appPackage=com.eisoo.anyshare, deviceScreenSize=1080x1920, networkConnectionEnabled=true, noSign=true, warnings={}, databaseEnabled=false, deviceName=PBV0216526000628, platform=LINUX, MobileCapabilityType.AUTOMATION_NAME=Appium, deviceUDID=PBV0216526000628, appActivity=.AppStartActivity, desired={appPackage=com.eisoo.anyshare, appActivity=.AppStartActivity, noSign=true, platformVersion=7.0, unicodeKeyboard=true, sessionOverride=true, platformName=Android, deviceName=testyy, resetKeyboard=true, MobileCapabilityType.AUTOMATION_NAME=Appium}, platformVersion=7.0, webStorageEnabled=false, locationContextEnabled=false, takesScreenshot=true, javascriptEnabled=true, deviceModel=EVA-AL00, unicodeKeyboard=true, sessionOverride=true, platformName=Android, deviceManufacturer=HUAWEI, resetKeyboard=true}]
Session ID: 6069dc83-81b1-4598-b623-3c63e08ee465
	at sun.reflect.NativeConstructorAccessorImpl.newInstance0(Native Method)
	at sun.reflect.NativeConstructorAccessorImpl.newInstance(NativeConstructorAccessorImpl.java:62)
	at sun.reflect.DelegatingConstructorAccessorImpl.newInstance(DelegatingConstructorAccessorImpl.java:45)
	at java.lang.reflect.Constructor.newInstance(Constructor.java:422)
	at org.openqa.selenium.remote.ErrorHandler.createThrowable(ErrorHandler.java:206)
	at org.openqa.selenium.remote.ErrorHandler.throwIfResponseFailed(ErrorHandler.java:158)
	at org.openqa.selenium.remote.RemoteWebDriver.execute(RemoteWebDriver.java:678)
	at io.appium.java_client.DefaultGenericMobileDriver.execute(DefaultGenericMobileDriver.java:43)
	at io.appium.java_client.AppiumDriver.execute(AppiumDriver.java:1)
	at io.appium.java_client.android.AndroidDriver.execute(AndroidDriver.java:1)
	at io.appium.java_client.android.AndroidDriver.pressKeyCode(AndroidDriver.java:137)
	at com.eisoo.anysharetest.BaseTest.startAS(BaseTest.java:107)
	at com.eisoo.anysharetest.FullFuctionTest.beforeMethod(FullFuctionTest.java:40)
	at sun.reflect.NativeMethodAccessorImpl.invoke0(Native Method)
	at sun.reflect.NativeMethodAccessorImpl.invoke(NativeMethodAccessorImpl.java:62)
	at sun.reflect.DelegatingMethodAccessorImpl.invoke(DelegatingMethodAccessorImpl.java:43)
	at java.lang.reflect.Method.invoke(Method.java:497)
	at org.testng.internal.MethodInvocationHelper.invokeMethod(MethodInvocationHelper.java:108)
	at org.testng.internal.Invoker.invokeConfigurationMethod(Invoker.java:523)
	at org.testng.internal.Invoker.invokeConfigurations(Invoker.java:224)
	at org.testng.internal.Invoker.invokeMethod(Invoker.java:599)
	at org.testng.internal.Invoker.invokeTestMethod(Invoker.java:877)
	at org.testng.internal.Invoker.invokeTestMethods(Invoker.java:1201)
	at org.testng.internal.TestMethodWorker.invokeTestMethods(TestMethodWorker.java:125)
	at org.testng.internal.TestMethodWorker.run(TestMethodWorker.java:109)
	at org.testng.TestRunner.privateRun(TestRunner.java:776)
	at org.testng.TestRunner.run(TestRunner.java:634)
	at org.testng.SuiteRunner.runTest(SuiteRunner.java:425)
	at org.testng.SuiteRunner.runSequentially(SuiteRunner.java:420)
	at org.testng.SuiteRunner.privateRun(SuiteRunner.java:385)
	at org.testng.SuiteRunner.run(SuiteRunner.java:334)
	at org.testng.SuiteRunnerWorker.runSuite(SuiteRunnerWorker.java:52)
	at org.testng.SuiteRunnerWorker.run(SuiteRunnerWorker.java:86)
	at org.testng.TestNG.runSuitesSequentially(TestNG.java:1318)
	at org.testng.TestNG.runSuitesLocally(TestNG.java:1243)
	at org.testng.TestNG.runSuites(TestNG.java:1161)
	at org.testng.TestNG.run(TestNG.java:1129)
	at org.testng.remote.AbstractRemoteTestNG.run(AbstractRemoteTestNG.java:114)
	at org.testng.remote.RemoteTestNG.initAndRun(RemoteTestNG.java:251)
	at org.testng.remote.RemoteTestNG.main(RemoteTestNG.java:77)
]]>
            </full-stacktrace>
          </exception> <!-- org.openqa.selenium.remote.SessionNotFoundException -->
          <reporter-output>
          </reporter-output>
        </test-method> <!-- a_uploadPics -->
        <test-method status="SKIP" signature="afterMethod()[pri:0, instance:com.eisoo.anysharetest.FullFuctionTest@610694f1]" name="afterMethod" is-config="true" duration-ms="0" started-at="2018-08-23T16:18:39Z" finished-at="2018-08-23T16:18:39Z">
          <reporter-output>
          </reporter-output>
        </test-method> <!-- afterMethod -->
        <test-method status="SKIP" signature="beforeMethod()[pri:0, instance:com.eisoo.anysharetest.FullFuctionTest@610694f1]" name="beforeMethod" is-config="true" duration-ms="0" started-at="2018-08-23T16:18:39Z" finished-at="2018-08-23T16:18:39Z">
          <reporter-output>
          </reporter-output>
        </test-method> <!-- beforeMethod -->
        <test-method status="SKIP" signature="a_uploadTakePhoto()[pri:0, instance:com.eisoo.anysharetest.FullFuctionTest@610694f1]" name="a_uploadTakePhoto" duration-ms="0" started-at="2018-08-23T16:18:39Z" finished-at="2018-08-23T16:18:39Z">
          <exception class="org.openqa.selenium.remote.SessionNotFoundException">
            <message>
              <![CDATA[A session is either terminated or not started (WARNING: The server did not provide any stacktrace information)
Command duration or timeout: 7 milliseconds
Build info: version: '2.53.0', revision: '35ae25b1534ae328c771e0856c93e187490ca824', time: '2016-03-15 10:43:46'
System info: host: 'VivideMacBook-Pro.local', ip: '192.168.51.66', os.name: 'Mac OS X', os.arch: 'x86_64', os.version: '10.13.2', java.version: '1.8.0_40'
Driver info: io.appium.java_client.android.AndroidDriver
Capabilities [{appPackage=com.eisoo.anyshare, deviceScreenSize=1080x1920, networkConnectionEnabled=true, noSign=true, warnings={}, databaseEnabled=false, deviceName=PBV0216526000628, platform=LINUX, MobileCapabilityType.AUTOMATION_NAME=Appium, deviceUDID=PBV0216526000628, appActivity=.AppStartActivity, desired={appPackage=com.eisoo.anyshare, appActivity=.AppStartActivity, noSign=true, platformVersion=7.0, unicodeKeyboard=true, sessionOverride=true, platformName=Android, deviceName=testyy, resetKeyboard=true, MobileCapabilityType.AUTOMATION_NAME=Appium}, platformVersion=7.0, webStorageEnabled=false, locationContextEnabled=false, takesScreenshot=true, javascriptEnabled=true, deviceModel=EVA-AL00, unicodeKeyboard=true, sessionOverride=true, platformName=Android, deviceManufacturer=HUAWEI, resetKeyboard=true}]
Session ID: 6069dc83-81b1-4598-b623-3c63e08ee465]]>
            </message>
            <full-stacktrace>
              <![CDATA[org.openqa.selenium.remote.SessionNotFoundException: A session is either terminated or not started (WARNING: The server did not provide any stacktrace information)
Command duration or timeout: 7 milliseconds
Build info: version: '2.53.0', revision: '35ae25b1534ae328c771e0856c93e187490ca824', time: '2016-03-15 10:43:46'
System info: host: 'VivideMacBook-Pro.local', ip: '192.168.51.66', os.name: 'Mac OS X', os.arch: 'x86_64', os.version: '10.13.2', java.version: '1.8.0_40'
Driver info: io.appium.java_client.android.AndroidDriver
Capabilities [{appPackage=com.eisoo.anyshare, deviceScreenSize=1080x1920, networkConnectionEnabled=true, noSign=true, warnings={}, databaseEnabled=false, deviceName=PBV0216526000628, platform=LINUX, MobileCapabilityType.AUTOMATION_NAME=Appium, deviceUDID=PBV0216526000628, appActivity=.AppStartActivity, desired={appPackage=com.eisoo.anyshare, appActivity=.AppStartActivity, noSign=true, platformVersion=7.0, unicodeKeyboard=true, sessionOverride=true, platformName=Android, deviceName=testyy, resetKeyboard=true, MobileCapabilityType.AUTOMATION_NAME=Appium}, platformVersion=7.0, webStorageEnabled=false, locationContextEnabled=false, takesScreenshot=true, javascriptEnabled=true, deviceModel=EVA-AL00, unicodeKeyboard=true, sessionOverride=true, platformName=Android, deviceManufacturer=HUAWEI, resetKeyboard=true}]
Session ID: 6069dc83-81b1-4598-b623-3c63e08ee465
	at sun.reflect.NativeConstructorAccessorImpl.newInstance0(Native Method)
	at sun.reflect.NativeConstructorAccessorImpl.newInstance(NativeConstructorAccessorImpl.java:62)
	at sun.reflect.DelegatingConstructorAccessorImpl.newInstance(DelegatingConstructorAccessorImpl.java:45)
	at java.lang.reflect.Constructor.newInstance(Constructor.java:422)
	at org.openqa.selenium.remote.ErrorHandler.createThrowable(ErrorHandler.java:206)
	at org.openqa.selenium.remote.ErrorHandler.throwIfResponseFailed(ErrorHandler.java:158)
	at org.openqa.selenium.remote.RemoteWebDriver.execute(RemoteWebDriver.java:678)
	at io.appium.java_client.DefaultGenericMobileDriver.execute(DefaultGenericMobileDriver.java:43)
	at io.appium.java_client.AppiumDriver.execute(AppiumDriver.java:1)
	at io.appium.java_client.android.AndroidDriver.execute(AndroidDriver.java:1)
	at io.appium.java_client.android.AndroidDriver.pressKeyCode(AndroidDriver.java:137)
	at com.eisoo.anysharetest.BaseTest.startAS(BaseTest.java:107)
	at com.eisoo.anysharetest.FullFuctionTest.beforeMethod(FullFuctionTest.java:40)
	at sun.reflect.NativeMethodAccessorImpl.invoke0(Native Method)
	at sun.reflect.NativeMethodAccessorImpl.invoke(NativeMethodAccessorImpl.java:62)
	at sun.reflect.DelegatingMethodAccessorImpl.invoke(DelegatingMethodAccessorImpl.java:43)
	at java.lang.reflect.Method.invoke(Method.java:497)
	at org.testng.internal.MethodInvocationHelper.invokeMethod(MethodInvocationHelper.java:108)
	at org.testng.internal.Invoker.invokeConfigurationMethod(Invoker.java:523)
	at org.testng.internal.Invoker.invokeConfigurations(Invoker.java:224)
	at org.testng.internal.Invoker.invokeMethod(Invoker.java:599)
	at org.testng.internal.Invoker.invokeTestMethod(Invoker.java:877)
	at org.testng.internal.Invoker.invokeTestMethods(Invoker.java:1201)
	at org.testng.internal.TestMethodWorker.invokeTestMethods(TestMethodWorker.java:125)
	at org.testng.internal.TestMethodWorker.run(TestMethodWorker.java:109)
	at org.testng.TestRunner.privateRun(TestRunner.java:776)
	at org.testng.TestRunner.run(TestRunner.java:634)
	at org.testng.SuiteRunner.runTest(SuiteRunner.java:425)
	at org.testng.SuiteRunner.runSequentially(SuiteRunner.java:420)
	at org.testng.SuiteRunner.privateRun(SuiteRunner.java:385)
	at org.testng.SuiteRunner.run(SuiteRunner.java:334)
	at org.testng.SuiteRunnerWorker.runSuite(SuiteRunnerWorker.java:52)
	at org.testng.SuiteRunnerWorker.run(SuiteRunnerWorker.java:86)
	at org.testng.TestNG.runSuitesSequentially(TestNG.java:1318)
	at org.testng.TestNG.runSuitesLocally(TestNG.java:1243)
	at org.testng.TestNG.runSuites(TestNG.java:1161)
	at org.testng.TestNG.run(TestNG.java:1129)
	at org.testng.remote.AbstractRemoteTestNG.run(AbstractRemoteTestNG.java:114)
	at org.testng.remote.RemoteTestNG.initAndRun(RemoteTestNG.java:251)
	at org.testng.remote.RemoteTestNG.main(RemoteTestNG.java:77)
]]>
            </full-stacktrace>
          </exception> <!-- org.openqa.selenium.remote.SessionNotFoundException -->
          <reporter-output>
          </reporter-output>
        </test-method> <!-- a_uploadTakePhoto -->
        <test-method status="SKIP" signature="afterMethod()[pri:0, instance:com.eisoo.anysharetest.FullFuctionTest@610694f1]" name="afterMethod" is-config="true" duration-ms="0" started-at="2018-08-23T16:18:39Z" finished-at="2018-08-23T16:18:39Z">
          <reporter-output>
          </reporter-output>
        </test-method> <!-- afterMethod -->
        <test-method status="SKIP" signature="beforeMethod()[pri:0, instance:com.eisoo.anysharetest.FullFuctionTest@610694f1]" name="beforeMethod" is-config="true" duration-ms="0" started-at="2018-08-23T16:18:39Z" finished-at="2018-08-23T16:18:39Z">
          <reporter-output>
          </reporter-output>
        </test-method> <!-- beforeMethod -->
        <test-method status="SKIP" signature="a_uploadVideo()[pri:0, instance:com.eisoo.anysharetest.FullFuctionTest@610694f1]" name="a_uploadVideo" duration-ms="0" started-at="2018-08-23T16:18:39Z" finished-at="2018-08-23T16:18:39Z">
          <exception class="org.openqa.selenium.remote.SessionNotFoundException">
            <message>
              <![CDATA[A session is either terminated or not started (WARNING: The server did not provide any stacktrace information)
Command duration or timeout: 7 milliseconds
Build info: version: '2.53.0', revision: '35ae25b1534ae328c771e0856c93e187490ca824', time: '2016-03-15 10:43:46'
System info: host: 'VivideMacBook-Pro.local', ip: '192.168.51.66', os.name: 'Mac OS X', os.arch: 'x86_64', os.version: '10.13.2', java.version: '1.8.0_40'
Driver info: io.appium.java_client.android.AndroidDriver
Capabilities [{appPackage=com.eisoo.anyshare, deviceScreenSize=1080x1920, networkConnectionEnabled=true, noSign=true, warnings={}, databaseEnabled=false, deviceName=PBV0216526000628, platform=LINUX, MobileCapabilityType.AUTOMATION_NAME=Appium, deviceUDID=PBV0216526000628, appActivity=.AppStartActivity, desired={appPackage=com.eisoo.anyshare, appActivity=.AppStartActivity, noSign=true, platformVersion=7.0, unicodeKeyboard=true, sessionOverride=true, platformName=Android, deviceName=testyy, resetKeyboard=true, MobileCapabilityType.AUTOMATION_NAME=Appium}, platformVersion=7.0, webStorageEnabled=false, locationContextEnabled=false, takesScreenshot=true, javascriptEnabled=true, deviceModel=EVA-AL00, unicodeKeyboard=true, sessionOverride=true, platformName=Android, deviceManufacturer=HUAWEI, resetKeyboard=true}]
Session ID: 6069dc83-81b1-4598-b623-3c63e08ee465]]>
            </message>
            <full-stacktrace>
              <![CDATA[org.openqa.selenium.remote.SessionNotFoundException: A session is either terminated or not started (WARNING: The server did not provide any stacktrace information)
Command duration or timeout: 7 milliseconds
Build info: version: '2.53.0', revision: '35ae25b1534ae328c771e0856c93e187490ca824', time: '2016-03-15 10:43:46'
System info: host: 'VivideMacBook-Pro.local', ip: '192.168.51.66', os.name: 'Mac OS X', os.arch: 'x86_64', os.version: '10.13.2', java.version: '1.8.0_40'
Driver info: io.appium.java_client.android.AndroidDriver
Capabilities [{appPackage=com.eisoo.anyshare, deviceScreenSize=1080x1920, networkConnectionEnabled=true, noSign=true, warnings={}, databaseEnabled=false, deviceName=PBV0216526000628, platform=LINUX, MobileCapabilityType.AUTOMATION_NAME=Appium, deviceUDID=PBV0216526000628, appActivity=.AppStartActivity, desired={appPackage=com.eisoo.anyshare, appActivity=.AppStartActivity, noSign=true, platformVersion=7.0, unicodeKeyboard=true, sessionOverride=true, platformName=Android, deviceName=testyy, resetKeyboard=true, MobileCapabilityType.AUTOMATION_NAME=Appium}, platformVersion=7.0, webStorageEnabled=false, locationContextEnabled=false, takesScreenshot=true, javascriptEnabled=true, deviceModel=EVA-AL00, unicodeKeyboard=true, sessionOverride=true, platformName=Android, deviceManufacturer=HUAWEI, resetKeyboard=true}]
Session ID: 6069dc83-81b1-4598-b623-3c63e08ee465
	at sun.reflect.NativeConstructorAccessorImpl.newInstance0(Native Method)
	at sun.reflect.NativeConstructorAccessorImpl.newInstance(NativeConstructorAccessorImpl.java:62)
	at sun.reflect.DelegatingConstructorAccessorImpl.newInstance(DelegatingConstructorAccessorImpl.java:45)
	at java.lang.reflect.Constructor.newInstance(Constructor.java:422)
	at org.openqa.selenium.remote.ErrorHandler.createThrowable(ErrorHandler.java:206)
	at org.openqa.selenium.remote.ErrorHandler.throwIfResponseFailed(ErrorHandler.java:158)
	at org.openqa.selenium.remote.RemoteWebDriver.execute(RemoteWebDriver.java:678)
	at io.appium.java_client.DefaultGenericMobileDriver.execute(DefaultGenericMobileDriver.java:43)
	at io.appium.java_client.AppiumDriver.execute(AppiumDriver.java:1)
	at io.appium.java_client.android.AndroidDriver.execute(AndroidDriver.java:1)
	at io.appium.java_client.android.AndroidDriver.pressKeyCode(AndroidDriver.java:137)
	at com.eisoo.anysharetest.BaseTest.startAS(BaseTest.java:107)
	at com.eisoo.anysharetest.FullFuctionTest.beforeMethod(FullFuctionTest.java:40)
	at sun.reflect.NativeMethodAccessorImpl.invoke0(Native Method)
	at sun.reflect.NativeMethodAccessorImpl.invoke(NativeMethodAccessorImpl.java:62)
	at sun.reflect.DelegatingMethodAccessorImpl.invoke(DelegatingMethodAccessorImpl.java:43)
	at java.lang.reflect.Method.invoke(Method.java:497)
	at org.testng.internal.MethodInvocationHelper.invokeMethod(MethodInvocationHelper.java:108)
	at org.testng.internal.Invoker.invokeConfigurationMethod(Invoker.java:523)
	at org.testng.internal.Invoker.invokeConfigurations(Invoker.java:224)
	at org.testng.internal.Invoker.invokeMethod(Invoker.java:599)
	at org.testng.internal.Invoker.invokeTestMethod(Invoker.java:877)
	at org.testng.internal.Invoker.invokeTestMethods(Invoker.java:1201)
	at org.testng.internal.TestMethodWorker.invokeTestMethods(TestMethodWorker.java:125)
	at org.testng.internal.TestMethodWorker.run(TestMethodWorker.java:109)
	at org.testng.TestRunner.privateRun(TestRunner.java:776)
	at org.testng.TestRunner.run(TestRunner.java:634)
	at org.testng.SuiteRunner.runTest(SuiteRunner.java:425)
	at org.testng.SuiteRunner.runSequentially(SuiteRunner.java:420)
	at org.testng.SuiteRunner.privateRun(SuiteRunner.java:385)
	at org.testng.SuiteRunner.run(SuiteRunner.java:334)
	at org.testng.SuiteRunnerWorker.runSuite(SuiteRunnerWorker.java:52)
	at org.testng.SuiteRunnerWorker.run(SuiteRunnerWorker.java:86)
	at org.testng.TestNG.runSuitesSequentially(TestNG.java:1318)
	at org.testng.TestNG.runSuitesLocally(TestNG.java:1243)
	at org.testng.TestNG.runSuites(TestNG.java:1161)
	at org.testng.TestNG.run(TestNG.java:1129)
	at org.testng.remote.AbstractRemoteTestNG.run(AbstractRemoteTestNG.java:114)
	at org.testng.remote.RemoteTestNG.initAndRun(RemoteTestNG.java:251)
	at org.testng.remote.RemoteTestNG.main(RemoteTestNG.java:77)
]]>
            </full-stacktrace>
          </exception> <!-- org.openqa.selenium.remote.SessionNotFoundException -->
          <reporter-output>
          </reporter-output>
        </test-method> <!-- a_uploadVideo -->
        <test-method status="SKIP" signature="afterMethod()[pri:0, instance:com.eisoo.anysharetest.FullFuctionTest@610694f1]" name="afterMethod" is-config="true" duration-ms="0" started-at="2018-08-23T16:18:39Z" finished-at="2018-08-23T16:18:39Z">
          <reporter-output>
          </reporter-output>
        </test-method> <!-- afterMethod -->
        <test-method status="SKIP" signature="beforeMethod()[pri:0, instance:com.eisoo.anysharetest.FullFuctionTest@610694f1]" name="beforeMethod" is-config="true" duration-ms="0" started-at="2018-08-23T16:18:39Z" finished-at="2018-08-23T16:18:39Z">
          <reporter-output>
          </reporter-output>
        </test-method> <!-- beforeMethod -->
[...]
Driver info: io.appium.java_client.android.AndroidDriver
Capabilities [{appPackage=com.eisoo.anyshare, deviceScreenSize=1080x1920, networkConnectionEnabled=true, noSign=true, warnings={}, databaseEnabled=false, deviceName=PBV0216526000628, platform=LINUX, MobileCapabilityType.AUTOMATION_NAME=Appium, deviceUDID=PBV0216526000628, appActivity=.AppStartActivity, desired={appPackage=com.eisoo.anyshare, appActivity=.AppStartActivity, noSign=true, platformVersion=7.0, unicodeKeyboard=true, sessionOverride=true, platformName=Android, deviceName=testyy, resetKeyboard=true, MobileCapabilityType.AUTOMATION_NAME=Appium}, platformVersion=7.0, webStorageEnabled=false, locationContextEnabled=false, takesScreenshot=true, javascriptEnabled=true, deviceModel=EVA-AL00, unicodeKeyboard=true, sessionOverride=true, platformName=Android, deviceManufacturer=HUAWEI, resetKeyboard=true}]
Session ID: 6069dc83-81b1-4598-b623-3c63e08ee465]]>
            </message>
            <full-stacktrace>
              <![CDATA[org.openqa.selenium.remote.SessionNotFoundException: A session is either terminated or not started (WARNING: The server did not provide any stacktrace information)
Command duration or timeout: 7 milliseconds
Build info: version: '2.53.0', revision: '35ae25b1534ae328c771e0856c93e187490ca824', time: '2016-03-15 10:43:46'
System info: host: 'VivideMacBook-Pro.local', ip: '192.168.51.66', os.name: 'Mac OS X', os.arch: 'x86_64', os.version: '10.13.2', java.version: '1.8.0_40'
Driver info: io.appium.java_client.android.AndroidDriver
Capabilities [{appPackage=com.eisoo.anyshare, deviceScreenSize=1080x1920, networkConnectionEnabled=true, noSign=true, warnings={}, databaseEnabled=false, deviceName=PBV0216526000628, platform=LINUX, MobileCapabilityType.AUTOMATION_NAME=Appium, deviceUDID=PBV0216526000628, appActivity=.AppStartActivity, desired={appPackage=com.eisoo.anyshare, appActivity=.AppStartActivity, noSign=true, platformVersion=7.0, unicodeKeyboard=true, sessionOverride=true, platformName=Android, deviceName=testyy, resetKeyboard=true, MobileCapabilityType.AUTOMATION_NAME=Appium}, platformVersion=7.0, webStorageEnabled=false, locationContextEnabled=false, takesScreenshot=true, javascriptEnabled=true, deviceModel=EVA-AL00, unicodeKeyboard=true, sessionOverride=true, platformName=Android, deviceManufacturer=HUAWEI, resetKeyboard=true}]
Session ID: 6069dc83-81b1-4598-b623-3c63e08ee465
	at sun.reflect.NativeConstructorAccessorImpl.newInstance0(Native Method)
	at sun.reflect.NativeConstructorAccessorImpl.newInstance(NativeConstructorAccessorImpl.java:62)
	at sun.reflect.DelegatingConstructorAccessorImpl.newInstance(DelegatingConstructorAccessorImpl.java:45)
	at java.lang.reflect.Constructor.newInstance(Constructor.java:422)
	at org.openqa.selenium.remote.ErrorHandler.createThrowable(ErrorHandler.java:206)
	at org.openqa.selenium.remote.ErrorHandler.throwIfResponseFailed(ErrorHandler.java:158)
	at org.openqa.selenium.remote.RemoteWebDriver.execute(RemoteWebDriver.java:678)
	at io.appium.java_client.DefaultGenericMobileDriver.execute(DefaultGenericMobileDriver.java:43)
	at io.appium.java_client.AppiumDriver.execute(AppiumDriver.java:1)
	at io.appium.java_client.android.AndroidDriver.execute(AndroidDriver.java:1)
	at io.appium.java_client.android.AndroidDriver.pressKeyCode(AndroidDriver.java:137)
	at com.eisoo.anysharetest.BaseTest.startAS(BaseTest.java:107)
	at com.eisoo.anysharetest.FullFuctionTest.beforeMethod(FullFuctionTest.java:40)
	at sun.reflect.NativeMethodAccessorImpl.invoke0(Native Method)
	at sun.reflect.NativeMethodAccessorImpl.invoke(NativeMethodAccessorImpl.java:62)
	at sun.reflect.DelegatingMethodAccessorImpl.invoke(DelegatingMethodAccessorImpl.java:43)
	at java.lang.reflect.Method.invoke(Method.java:497)
	at org.testng.internal.MethodInvocationHelper.invokeMethod(MethodInvocationHelper.java:108)
	at org.testng.internal.Invoker.invokeConfigurationMethod(Invoker.java:523)
	at org.testng.internal.Invoker.invokeConfigurations(Invoker.java:224)
	at org.testng.internal.Invoker.invokeMethod(Invoker.java:599)
	at org.testng.internal.Invoker.invokeTestMethod(Invoker.java:877)
	at org.testng.internal.Invoker.invokeTestMethods(Invoker.java:1201)
	at org.testng.internal.TestMethodWorker.invokeTestMethods(TestMethodWorker.java:125)
	at org.testng.internal.TestMethodWorker.run(TestMethodWorker.java:109)
	at org.testng.TestRunner.privateRun(TestRunner.java:776)
	at org.testng.TestRunner.run(TestRunner.java:634)
	at org.testng.SuiteRunner.runTest(SuiteRunner.java:425)
	at org.testng.SuiteRunner.runSequentially(SuiteRunner.java:420)
	at org.testng.SuiteRunner.privateRun(SuiteRunner.java:385)
	at org.testng.SuiteRunner.run(SuiteRunner.java:334)
	at org.testng.SuiteRunnerWorker.runSuite(SuiteRunnerWorker.java:52)
	at org.testng.SuiteRunnerWorker.run(SuiteRunnerWorker.java:86)
	at org.testng.TestNG.runSuitesSequentially(TestNG.java:1318)
	at org.testng.TestNG.runSuitesLocally(TestNG.java:1243)
	at org.testng.TestNG.runSuites(TestNG.java:1161)
	at org.testng.TestNG.run(TestNG.java:1129)
	at org.testng.remote.AbstractRemoteTestNG.run(AbstractRemoteTestNG.java:114)
	at org.testng.remote.RemoteTestNG.initAndRun(RemoteTestNG.java:251)
	at org.testng.remote.RemoteTestNG.main(RemoteTestNG.java:77)
]]>
            </full-stacktrace>
          </exception> <!-- org.openqa.selenium.remote.SessionNotFoundException -->
          <reporter-output>
          </reporter-output>
        </test-method> <!-- n3_checkdel -->
        <test-method status="SKIP" signature="beforeMethod()[pri:0, instance:com.eisoo.anysharetest.FullFuctionTest@610694f1]" name="beforeMethod" is-config="true" duration-ms="0" started-at="2018-08-23T16:18:39Z" finished-at="2018-08-23T16:18:39Z">
          <reporter-output>
          </reporter-output>
        </test-method> <!-- beforeMethod -->
        <test-method status="SKIP" signature="n4_share()[pri:0, instance:com.eisoo.anysharetest.FullFuctionTest@610694f1]" name="n4_share" duration-ms="0" started-at="2018-08-23T16:18:39Z" finished-at="2018-08-23T16:18:39Z">
          <exception class="org.openqa.selenium.remote.SessionNotFoundException">
            <message>
              <![CDATA[A session is either terminated or not started (WARNING: The server did not provide any stacktrace information)
Command duration or timeout: 7 milliseconds
Build info: version: '2.53.0', revision: '35ae25b1534ae328c771e0856c93e187490ca824', time: '2016-03-15 10:43:46'
System info: host: 'VivideMacBook-Pro.local', ip: '192.168.51.66', os.name: 'Mac OS X', os.arch: 'x86_64', os.version: '10.13.2', java.version: '1.8.0_40'
Driver info: io.appium.java_client.android.AndroidDriver
Capabilities [{appPackage=com.eisoo.anyshare, deviceScreenSize=1080x1920, networkConnectionEnabled=true, noSign=true, warnings={}, databaseEnabled=false, deviceName=PBV0216526000628, platform=LINUX, MobileCapabilityType.AUTOMATION_NAME=Appium, deviceUDID=PBV0216526000628, appActivity=.AppStartActivity, desired={appPackage=com.eisoo.anyshare, appActivity=.AppStartActivity, noSign=true, platformVersion=7.0, unicodeKeyboard=true, sessionOverride=true, platformName=Android, deviceName=testyy, resetKeyboard=true, MobileCapabilityType.AUTOMATION_NAME=Appium}, platformVersion=7.0, webStorageEnabled=false, locationContextEnabled=false, takesScreenshot=true, javascriptEnabled=true, deviceModel=EVA-AL00, unicodeKeyboard=true, sessionOverride=true, platformName=Android, deviceManufacturer=HUAWEI, resetKeyboard=true}]
Session ID: 6069dc83-81b1-4598-b623-3c63e08ee465]]>
            </message>
            <full-stacktrace>
              <![CDATA[org.openqa.selenium.remote.SessionNotFoundException: A session is either terminated or not started (WARNING: The server did not provide any stacktrace information)
Command duration or timeout: 7 milliseconds
Build info: version: '2.53.0', revision: '35ae25b1534ae328c771e0856c93e187490ca824', time: '2016-03-15 10:43:46'
System info: host: 'VivideMacBook-Pro.local', ip: '192.168.51.66', os.name: 'Mac OS X', os.arch: 'x86_64', os.version: '10.13.2', java.version: '1.8.0_40'
Driver info: io.appium.java_client.android.AndroidDriver
Capabilities [{appPackage=com.eisoo.anyshare, deviceScreenSize=1080x1920, networkConnectionEnabled=true, noSign=true, warnings={}, databaseEnabled=false, deviceName=PBV0216526000628, platform=LINUX, MobileCapabilityType.AUTOMATION_NAME=Appium, deviceUDID=PBV0216526000628, appActivity=.AppStartActivity, desired={appPackage=com.eisoo.anyshare, appActivity=.AppStartActivity, noSign=true, platformVersion=7.0, unicodeKeyboard=true, sessionOverride=true, platformName=Android, deviceName=testyy, resetKeyboard=true, MobileCapabilityType.AUTOMATION_NAME=Appium}, platformVersion=7.0, webStorageEnabled=false, locationContextEnabled=false, takesScreenshot=true, javascriptEnabled=true, deviceModel=EVA-AL00, unicodeKeyboard=true, sessionOverride=true, platformName=Android, deviceManufacturer=HUAWEI, resetKeyboard=true}]
Session ID: 6069dc83-81b1-4598-b623-3c63e08ee465
	at sun.reflect.NativeConstructorAccessorImpl.newInstance0(Native Method)
	at sun.reflect.NativeConstructorAccessorImpl.newInstance(NativeConstructorAccessorImpl.java:62)
	at sun.reflect.DelegatingConstructorAccessorImpl.newInstance(DelegatingConstructorAccessorImpl.java:45)
	at java.lang.reflect.Constructor.newInstance(Constructor.java:422)
	at org.openqa.selenium.remote.ErrorHandler.createThrowable(ErrorHandler.java:206)
	at org.openqa.selenium.remote.ErrorHandler.throwIfResponseFailed(ErrorHandler.java:158)
	at org.openqa.selenium.remote.RemoteWebDriver.execute(RemoteWebDriver.java:678)
	at io.appium.java_client.DefaultGenericMobileDriver.execute(DefaultGenericMobileDriver.java:43)
	at io.appium.java_client.AppiumDriver.execute(AppiumDriver.java:1)
	at io.appium.java_client.android.AndroidDriver.execute(AndroidDriver.java:1)
	at io.appium.java_client.android.AndroidDriver.pressKeyCode(AndroidDriver.java:137)
	at com.eisoo.anysharetest.BaseTest.startAS(BaseTest.java:107)
	at com.eisoo.anysharetest.FullFuctionTest.beforeMethod(FullFuctionTest.java:40)
	at sun.reflect.NativeMethodAccessorImpl.invoke0(Native Method)
	at sun.reflect.NativeMethodAccessorImpl.invoke(NativeMethodAccessorImpl.java:62)
	at sun.reflect.DelegatingMethodAccessorImpl.invoke(DelegatingMethodAccessorImpl.java:43)
	at java.lang.reflect.Method.invoke(Method.java:497)
	at org.testng.internal.MethodInvocationHelper.invokeMethod(MethodInvocationHelper.java:108)
	at org.testng.internal.Invoker.invokeConfigurationMethod(Invoker.java:523)
	at org.testng.internal.Invoker.invokeConfigurations(Invoker.java:224)
	at org.testng.internal.Invoker.invokeMethod(Invoker.java:599)
	at org.testng.internal.Invoker.invokeTestMethod(Invoker.java:877)
	at org.testng.internal.Invoker.invokeTestMethods(Invoker.java:1201)
	at org.testng.internal.TestMethodWorker.invokeTestMethods(TestMethodWorker.java:125)
	at org.testng.internal.TestMethodWorker.run(TestMethodWorker.java:109)
	at org.testng.TestRunner.privateRun(TestRunner.java:776)
	at org.testng.TestRunner.run(TestRunner.java:634)
	at org.testng.SuiteRunner.runTest(SuiteRunner.java:425)
	at org.testng.SuiteRunner.runSequentially(SuiteRunner.java:420)
	at org.testng.SuiteRunner.privateRun(SuiteRunner.java:385)
	at org.testng.SuiteRunner.run(SuiteRunner.java:334)
	at org.testng.SuiteRunnerWorker.runSuite(SuiteRunnerWorker.java:52)
	at org.testng.SuiteRunnerWorker.run(SuiteRunnerWorker.java:86)
	at org.testng.TestNG.runSuitesSequentially(TestNG.java:1318)
	at org.testng.TestNG.runSuitesLocally(TestNG.java:1243)
	at org.testng.TestNG.runSuites(TestNG.java:1161)
	at org.testng.TestNG.run(TestNG.java:1129)
	at org.testng.remote.AbstractRemoteTestNG.run(AbstractRemoteTestNG.java:114)
	at org.testng.remote.RemoteTestNG.initAndRun(RemoteTestNG.java:251)
	at org.testng.remote.RemoteTestNG.main(RemoteTestNG.java:77)
]]>
            </full-stacktrace>
          </exception> <!-- org.openqa.selenium.remote.SessionNotFoundException -->
          <reporter-output>
          </reporter-output>
        </test-method> <!-- n4_share -->
        <test-method status="SKIP" signature="afterMethod()[pri:0, instance:com.eisoo.anysharetest.FullFuctionTest@610694f1]" name="afterMethod" is-config="true" duration-ms="0" started-at="2018-08-23T16:18:39Z" finished-at="2018-08-23T16:18:39Z">
          <reporter-output>
          </reporter-output>
        </test-method> <!-- afterMethod -->
        <test-method status="SKIP" signature="beforeMethod()[pri:0, instance:com.eisoo.anysharetest.FullFuctionTest@610694f1]" name="beforeMethod" is-config="true" duration-ms="0" started-at="2018-08-23T16:18:39Z" finished-at="2018-08-23T16:18:39Z">
          <reporter-output>
          </reporter-output>
        </test-method> <!-- beforeMethod -->
        <test-method status="SKIP" signature="z_loginDomainTest()[pri:0, instance:com.eisoo.anysharetest.FullFuctionTest@610694f1]" name="z_loginDomainTest" duration-ms="0" started-at="2018-08-23T16:18:39Z" finished-at="2018-08-23T16:18:39Z">
          <exception class="org.openqa.selenium.remote.SessionNotFoundException">
            <message>
              <![CDATA[A session is either terminated or not started (WARNING: The server did not provide any stacktrace information)
Command duration or timeout: 7 milliseconds
Build info: version: '2.53.0', revision: '35ae25b1534ae328c771e0856c93e187490ca824', time: '2016-03-15 10:43:46'
System info: host: 'VivideMacBook-Pro.local', ip: '192.168.51.66', os.name: 'Mac OS X', os.arch: 'x86_64', os.version: '10.13.2', java.version: '1.8.0_40'
Driver info: io.appium.java_client.android.AndroidDriver
Capabilities [{appPackage=com.eisoo.anyshare, deviceScreenSize=1080x1920, networkConnectionEnabled=true, noSign=true, warnings={}, databaseEnabled=false, deviceName=PBV0216526000628, platform=LINUX, MobileCapabilityType.AUTOMATION_NAME=Appium, deviceUDID=PBV0216526000628, appActivity=.AppStartActivity, desired={appPackage=com.eisoo.anyshare, appActivity=.AppStartActivity, noSign=true, platformVersion=7.0, unicodeKeyboard=true, sessionOverride=true, platformName=Android, deviceName=testyy, resetKeyboard=true, MobileCapabilityType.AUTOMATION_NAME=Appium}, platformVersion=7.0, webStorageEnabled=false, locationContextEnabled=false, takesScreenshot=true, javascriptEnabled=true, deviceModel=EVA-AL00, unicodeKeyboard=true, sessionOverride=true, platformName=Android, deviceManufacturer=HUAWEI, resetKeyboard=true}]
Session ID: 6069dc83-81b1-4598-b623-3c63e08ee465]]>
            </message>
            <full-stacktrace>
              <![CDATA[org.openqa.selenium.remote.SessionNotFoundException: A session is either terminated or not started (WARNING: The server did not provide any stacktrace information)
Command duration or timeout: 7 milliseconds
Build info: version: '2.53.0', revision: '35ae25b1534ae328c771e0856c93e187490ca824', time: '2016-03-15 10:43:46'
System info: host: 'VivideMacBook-Pro.local', ip: '192.168.51.66', os.name: 'Mac OS X', os.arch: 'x86_64', os.version: '10.13.2', java.version: '1.8.0_40'
Driver info: io.appium.java_client.android.AndroidDriver
Capabilities [{appPackage=com.eisoo.anyshare, deviceScreenSize=1080x1920, networkConnectionEnabled=true, noSign=true, warnings={}, databaseEnabled=false, deviceName=PBV0216526000628, platform=LINUX, MobileCapabilityType.AUTOMATION_NAME=Appium, deviceUDID=PBV0216526000628, appActivity=.AppStartActivity, desired={appPackage=com.eisoo.anyshare, appActivity=.AppStartActivity, noSign=true, platformVersion=7.0, unicodeKeyboard=true, sessionOverride=true, platformName=Android, deviceName=testyy, resetKeyboard=true, MobileCapabilityType.AUTOMATION_NAME=Appium}, platformVersion=7.0, webStorageEnabled=false, locationContextEnabled=false, takesScreenshot=true, javascriptEnabled=true, deviceModel=EVA-AL00, unicodeKeyboard=true, sessionOverride=true, platformName=Android, deviceManufacturer=HUAWEI, resetKeyboard=true}]
Session ID: 6069dc83-81b1-4598-b623-3c63e08ee465
	at sun.reflect.NativeConstructorAccessorImpl.newInstance0(Native Method)
	at sun.reflect.NativeConstructorAccessorImpl.newInstance(NativeConstructorAccessorImpl.java:62)
	at sun.reflect.DelegatingConstructorAccessorImpl.newInstance(DelegatingConstructorAccessorImpl.java:45)
	at java.lang.reflect.Constructor.newInstance(Constructor.java:422)
	at org.openqa.selenium.remote.ErrorHandler.createThrowable(ErrorHandler.java:206)
	at org.openqa.selenium.remote.ErrorHandler.throwIfResponseFailed(ErrorHandler.java:158)
	at org.openqa.selenium.remote.RemoteWebDriver.execute(RemoteWebDriver.java:678)
	at io.appium.java_client.DefaultGenericMobileDriver.execute(DefaultGenericMobileDriver.java:43)
	at io.appium.java_client.AppiumDriver.execute(AppiumDriver.java:1)
	at io.appium.java_client.android.AndroidDriver.execute(AndroidDriver.java:1)
	at io.appium.java_client.android.AndroidDriver.pressKeyCode(AndroidDriver.java:137)
	at com.eisoo.anysharetest.BaseTest.startAS(BaseTest.java:107)
	at com.eisoo.anysharetest.FullFuctionTest.beforeMethod(FullFuctionTest.java:40)
	at sun.reflect.NativeMethodAccessorImpl.invoke0(Native Method)
	at sun.reflect.NativeMethodAccessorImpl.invoke(NativeMethodAccessorImpl.java:62)
	at sun.reflect.DelegatingMethodAccessorImpl.invoke(DelegatingMethodAccessorImpl.java:43)
	at java.lang.reflect.Method.invoke(Method.java:497)
	at org.testng.internal.MethodInvocationHelper.invokeMethod(MethodInvocationHelper.java:108)
	at org.testng.internal.Invoker.invokeConfigurationMethod(Invoker.java:523)
	at org.testng.internal.Invoker.invokeConfigurations(Invoker.java:224)
	at org.testng.internal.Invoker.invokeMethod(Invoker.java:599)
	at org.testng.internal.Invoker.invokeTestMethod(Invoker.java:877)
	at org.testng.internal.Invoker.invokeTestMethods(Invoker.java:1201)
	at org.testng.internal.TestMethodWorker.invokeTestMethods(TestMethodWorker.java:125)
	at org.testng.internal.TestMethodWorker.run(TestMethodWorker.java:109)
	at org.testng.TestRunner.privateRun(TestRunner.java:776)
	at org.testng.TestRunner.run(TestRunner.java:634)
	at org.testng.SuiteRunner.runTest(SuiteRunner.java:425)
	at org.testng.SuiteRunner.runSequentially(SuiteRunner.java:420)
	at org.testng.SuiteRunner.privateRun(SuiteRunner.java:385)
	at org.testng.SuiteRunner.run(SuiteRunner.java:334)
	at org.testng.SuiteRunnerWorker.runSuite(SuiteRunnerWorker.java:52)
	at org.testng.SuiteRunnerWorker.run(SuiteRunnerWorker.java:86)
	at org.testng.TestNG.runSuitesSequentially(TestNG.java:1318)
	at org.testng.TestNG.runSuitesLocally(TestNG.java:1243)
	at org.testng.TestNG.runSuites(TestNG.java:1161)
	at org.testng.TestNG.run(TestNG.java:1129)
	at org.testng.remote.AbstractRemoteTestNG.run(AbstractRemoteTestNG.java:114)
	at org.testng.remote.RemoteTestNG.initAndRun(RemoteTestNG.java:251)
	at org.testng.remote.RemoteTestNG.main(RemoteTestNG.java:77)
]]>
            </full-stacktrace>
          </exception> <!-- org.openqa.selenium.remote.SessionNotFoundException -->
          <reporter-output>
          </reporter-output>
        </test-method> <!-- z_loginDomainTest -->
        <test-method status="SKIP" signature="afterMethod()[pri:0, instance:com.eisoo.anysharetest.FullFuctionTest@610694f1]" name="afterMethod" is-config="true" duration-ms="0" started-at="2018-08-23T16:18:39Z" finished-at="2018-08-23T16:18:39Z">
          <reporter-output>
          </reporter-output>
        </test-method> <!-- afterMethod -->
        <test-method status="SKIP" signature="afterClass()[pri:0, instance:com.eisoo.anysharetest.FullFuctionTest@610694f1]" name="afterClass" is-config="true" duration-ms="0" started-at="2018-08-23T16:18:39Z" finished-at="2018-08-23T16:18:39Z">
          <reporter-output>
          </reporter-output>
        </test-method> <!-- afterClass -->
      </class> <!-- com.eisoo.anysharetest.FullFuctionTest -->
    </test> <!-- Default test -->
  </suite> <!-- Default suite -->
</testng-results>
